Log file open, 06/13/17 17:07:13
LogInit:Display: Running engine for game: Battle_Tank
LogPlatformFile: Not using cached read wrapper
LogInit:Display: RandInit(1967971982) SRandInit(1967971982).
LogTaskGraph: Started task graph with 5 named threads and 8 total threads with 1 sets of task threads.
LogStats: Stats thread started at 0.074492
LogInit: Using libcurl 7.47.1
LogInit:  - built for x86_64-pc-win32
LogInit:  - supports SSL with OpenSSL/1.0.2g
LogInit:  - supports HTTP deflate (compression) using libz 1.2.8
LogInit:  - other features:
LogInit:      CURL_VERSION_SSL
LogInit:      CURL_VERSION_LIBZ
LogInit:      CURL_VERSION_IPV6
LogInit:      CURL_VERSION_ASYNCHDNS
LogInit:      CURL_VERSION_LARGEFILE
LogInit:      CURL_VERSION_IDN
LogInit:  CurlRequestOptions (configurable via config and command line):
LogInit:  - bVerifyPeer = false  - Libcurl will NOT verify peer certificate
LogInit:  - bUseHttpProxy = false  - Libcurl will NOT use HTTP proxy
LogInit:  - bDontReuseConnections = false  - Libcurl will reuse connections
LogInit:  - CertBundlePath = nullptr  - Libcurl will use whatever was configured at build time.
LogInit: Build: ++UE4+Release-4.15-CL-3450819
LogInit: Engine Version: 4.15.3-3450819+++UE4+Release-4.15
LogInit: Compatible Engine Version: 4.15.0-3299760+++UE4+Release-4.15
LogInit: Net CL: 3299760
LogDevObjectVersion: Number of dev versions registered: 14
LogDevObjectVersion:   Dev-Blueprints (B0D832E4-1F89-4F0D-ACCF-7EB736FD4AA2): 8
LogDevObjectVersion:   Dev-Build (E1C64328-A22C-4D53-A36C-8E866417BD8C): 0
LogDevObjectVersion:   Dev-Core (375EC13C-06E4-48FB-B500-84F0262A717E): 2
LogDevObjectVersion:   Dev-Editor (E4B068ED-F494-42E9-A231-DA0B2E46BB41): 14
LogDevObjectVersion:   Dev-Framework (CFFC743F-43B0-4480-9391-14DF171D2073): 22
LogDevObjectVersion:   Dev-Mobile (B02B49B5-BB20-44E9-A304-32B752E40360): 0
LogDevObjectVersion:   Dev-Networking (A4E4105C-59A1-49B5-A7C5-40C4547EDFEE): 0
LogDevObjectVersion:   Dev-Online (39C831C9-5AE6-47DC-9A44-9C173E1C8E7C): 0
LogDevObjectVersion:   Dev-Physics (78F01B33-EBEA-4F98-B9B4-84EACCB95AA2): 0
LogDevObjectVersion:   Dev-Platform (6631380F-2D4D-43E0-8009-CF276956A95A): 0
LogDevObjectVersion:   Dev-Rendering (12F88B9F-8875-4AFC-A67C-D90C383ABD29): 12
LogDevObjectVersion:   Dev-Sequencer (7B5AE74C-D270-4C10-A958-57980B212A5A): 3
LogDevObjectVersion:   Dev-VR (D7296918-1DD6-4BDD-9DE2-64A83CC13884): 0
LogDevObjectVersion:   Dev-LoadTimes (C2A15278-BFE7-4AFE-6C17-90FF531DF755): 1
LogInit: Compiled (64-bit): May 21 2017 11:02:34
LogInit: Compiled with Visual C++: 19.00.23026.00
LogInit: Build Configuration: Development
LogInit: Branch Name: ++UE4+Release-4.15
LogInit: Command line: -EpicPortal 
LogInit: Base directory: D:/programming/UE_4.15/Engine/Binaries/Win64/
LogInit: Installed Engine Build: 1
LogInit: Presizing for max 8388607 objects, including 0 objects not considered by GC, pre-allocating 0 bytes for permanent pool.
LogInit: Object subsystem initialized
[2017.06.13-14.07.13:869][  0]LogInit: Selected Device Profile: [Windows]
[2017.06.13-14.07.13:869][  0]LogInit: Applying CVar settings loaded from the selected device profile: [Windows]
[2017.06.13-14.07.13:898][  0]LogInit: Computer: YUVAL
[2017.06.13-14.07.13:898][  0]LogInit: User: YuvalPC
[2017.06.13-14.07.13:898][  0]LogInit: CPU Page size=65536, Cores=4
[2017.06.13-14.07.13:898][  0]LogInit: High frequency timer resolution =3.415986 MHz
[2017.06.13-14.07.13:898][  0]LogMemory: Memory total: Physical=15.9GB (16GB approx)
[2017.06.13-14.07.13:898][  0]LogMemory: Platform Memory Stats for Windows
[2017.06.13-14.07.13:898][  0]LogMemory: Process Physical Memory: 261.70 MB used, 261.70 MB peak
[2017.06.13-14.07.13:898][  0]LogMemory: Process Virtual Memory: 262.54 MB used, 262.54 MB peak
[2017.06.13-14.07.13:898][  0]LogMemory: Physical Memory: 6977.32 MB used,  9349.67 MB free, 16326.98 MB total
[2017.06.13-14.07.13:898][  0]LogMemory: Virtual Memory: 629.99 MB used,  9349.67 MB free, 134217728.00 MB total
[2017.06.13-14.07.13:960][  0]LogTextLocalizationManager: No translations for ('he-IL') exist, falling back to 'en' for localization and internationalization data.
[2017.06.13-14.07.14:569][  0]LogD3D11RHI: D3D11 adapters:
[2017.06.13-14.07.14:601][  0]LogD3D11RHI:    0. 'NVIDIA GeForce GTX 960' (Feature Level 11_0)
[2017.06.13-14.07.14:602][  0]LogD3D11RHI:       4062/0/8163 MB DedicatedVideo/DedicatedSystem/SharedSystem, Outputs:1, VendorId:0x10de
[2017.06.13-14.07.14:604][  0]LogD3D11RHI:    1. 'Microsoft Basic Render Driver' (Feature Level 11_0)
[2017.06.13-14.07.14:604][  0]LogD3D11RHI:       0/0/8163 MB DedicatedVideo/DedicatedSystem/SharedSystem, Outputs:0, VendorId:0x1414
[2017.06.13-14.07.14:604][  0]LogD3D11RHI: Chosen D3D11 Adapter: 0
[2017.06.13-14.07.14:609][  0]LogD3D11RHI: Creating new Direct3DDevice
[2017.06.13-14.07.14:609][  0]LogD3D11RHI:     GPU DeviceId: 0x1401 (for the marketing name, search the web for "GPU Device Id")
[2017.06.13-14.07.14:609][  0]LogWindows: EnumDisplayDevices:
[2017.06.13-14.07.14:609][  0]LogWindows:    0. 'NVIDIA GeForce GTX 960' (P:1 D:1)
[2017.06.13-14.07.14:609][  0]LogWindows:    1. 'NVIDIA GeForce GTX 960' (P:0 D:0)
[2017.06.13-14.07.14:609][  0]LogWindows:    2. 'NVIDIA GeForce GTX 960' (P:0 D:0)
[2017.06.13-14.07.14:609][  0]LogWindows:    3. 'NVIDIA GeForce GTX 960' (P:0 D:0)
[2017.06.13-14.07.14:609][  0]LogWindows: DebugString: FoundDriverCount:4 
[2017.06.13-14.07.14:609][  0]LogD3D11RHI:     Adapter Name: NVIDIA GeForce GTX 960
[2017.06.13-14.07.14:609][  0]LogD3D11RHI:   Driver Version: 378.92 (internal:21.21.13.7892, unified:378.92)
[2017.06.13-14.07.14:609][  0]LogD3D11RHI:      Driver Date: 3-16-2017
[2017.06.13-14.07.14:609][  0]LogRHI: Texture pool is 1361 MB (70% of 1945 MB)
[2017.06.13-14.07.14:624][  0]LogD3D11RHI: Async texture creation enabled
[2017.06.13-14.07.14:634][  0]LogD3D11RHI: GPU Timing Frequency: 1000.000000 (Debug: 2 1)
[2017.06.13-14.07.14:683][  0]LogShaderCompilers: Guid format shader working directory is -15 characters bigger than the processId version (../../../../Unreal Course/repositories/04Battle_Tank/Battle_Tank/Intermediate/Shaders/WorkingDirectory/7436/).
[2017.06.13-14.07.14:683][  0]LogShaderCompilers: Cleaned the shader compiler working directory 'C:/Users/Yuval-PC/AppData/Local/Temp/UnrealShaderWorkingDir/9E06378946C90583A847D8AAA70543FC/'.
[2017.06.13-14.07.14:683][  0]LogShaderCompilers:Display: Using Local Shader Compiler.
[2017.06.13-14.07.15:665][  0]LogTemp:Display: Loaded TP AllDesktopTargetPlatform
[2017.06.13-14.07.15:712][  0]LogTemp:Display: Loaded TP MacClientTargetPlatform
[2017.06.13-14.07.15:759][  0]LogTemp:Display: Loaded TP MacNoEditorTargetPlatform
[2017.06.13-14.07.15:809][  0]LogTemp:Display: Loaded TP MacServerTargetPlatform
[2017.06.13-14.07.15:854][  0]LogTemp:Display: Loaded TP MacTargetPlatform
[2017.06.13-14.07.15:903][  0]LogTemp:Display: Loaded TP WindowsClientTargetPlatform
[2017.06.13-14.07.15:948][  0]LogTemp:Display: Loaded TP WindowsNoEditorTargetPlatform
[2017.06.13-14.07.15:995][  0]LogTemp:Display: Loaded TP WindowsServerTargetPlatform
[2017.06.13-14.07.16:031][  0]LogTemp:Display: Loaded TP WindowsTargetPlatform
[2017.06.13-14.07.16:076][  0]LogTemp:Display: Loaded TP AndroidTargetPlatform
[2017.06.13-14.07.16:123][  0]LogTemp:Display: Loaded TP Android_ASTCTargetPlatform
[2017.06.13-14.07.16:170][  0]LogTemp:Display: Loaded TP Android_ATCTargetPlatform
[2017.06.13-14.07.16:215][  0]LogTemp:Display: Loaded TP Android_DXTTargetPlatform
[2017.06.13-14.07.16:262][  0]LogTemp:Display: Loaded TP Android_ETC1TargetPlatform
[2017.06.13-14.07.16:306][  0]LogTemp:Display: Loaded TP Android_ETC2TargetPlatform
[2017.06.13-14.07.16:397][  0]LogTemp:Display: Loaded TP Android_MultiTargetPlatform
[2017.06.13-14.07.16:397][  0]LogTemp:Display: Loaded TP Android_PVRTCTargetPlatform
[2017.06.13-14.07.16:426][  0]LogTemp:Display: Loaded TP HTML5TargetPlatform
[2017.06.13-14.07.16:506][  0]LogTemp:Display: Loaded TP IOSTargetPlatform
[2017.06.13-14.07.16:535][  0]LogTemp:Display: Loaded TP TVOSTargetPlatform
[2017.06.13-14.07.16:584][  0]LogTemp:Display: Loaded TP LinuxClientTargetPlatform
[2017.06.13-14.07.16:631][  0]LogTemp:Display: Loaded TP LinuxNoEditorTargetPlatform
[2017.06.13-14.07.16:677][  0]LogTemp:Display: Loaded TP LinuxServerTargetPlatform
[2017.06.13-14.07.16:721][  0]LogTemp:Display: Loaded TP LinuxTargetPlatform
[2017.06.13-14.07.16:721][  0]LogTargetPlatformManager:Display: Building Assets For Windows
[2017.06.13-14.07.17:029][  0]LogDerivedDataCache:Display: Max Cache Size: 512 MB
[2017.06.13-14.07.17:076][  0]LogDerivedDataCache: Loaded boot cache 0.05s 50MB C:/Users/Yuval-PC/AppData/Local/UnrealEngine/4.15/DerivedDataCache/Boot.ddc.
[2017.06.13-14.07.17:076][  0]LogDerivedDataCache:Display: Loaded Boot cache: C:/Users/Yuval-PC/AppData/Local/UnrealEngine/4.15/DerivedDataCache/Boot.ddc
[2017.06.13-14.07.17:076][  0]LogDerivedDataCache: FDerivedDataBackendGraph:  Pak pak cache file ../../../../Unreal Course/repositories/04Battle_Tank/Battle_Tank/DerivedDataCache/DDC.ddp not found, will not use a pak cache.
[2017.06.13-14.07.17:076][  0]LogDerivedDataCache: Unable to find inner node Pak for hierarchical cache Hierarchy.
[2017.06.13-14.07.17:076][  0]LogDerivedDataCache: FDerivedDataBackendGraph:  CompressedPak pak cache file ../../../../Unreal Course/repositories/04Battle_Tank/Battle_Tank/DerivedDataCache/Compressed.ddp not found, will not use a pak cache.
[2017.06.13-14.07.17:076][  0]LogDerivedDataCache: Unable to find inner node CompressedPak for hierarchical cache Hierarchy.
[2017.06.13-14.07.17:093][  0]LogDerivedDataCache:Display: Pak cache opened for reading ../../../Engine/DerivedDataCache/Compressed.ddp.
[2017.06.13-14.07.17:105][  0]LogDerivedDataCache: Using Local data cache path C:/Users/Yuval-PC/AppData/Local/UnrealEngine/Common/DerivedDataCache: Writable
[2017.06.13-14.07.17:113][  0]LogSlate: Using Freetype 2.6.0
[2017.06.13-14.07.17:114][  0]LogSlate: SlateFontCache - WITH_FREETYPE: 1, WITH_HARFBUZZ: 1
[2017.06.13-14.07.17:114][  0]LogSlate: SlateFontCache - WITH_FREETYPE: 1, WITH_HARFBUZZ: 1
[2017.06.13-14.07.17:361][  0]LogInit: Selected Device Profile: [Windows]
[2017.06.13-14.07.17:363][  0]LogContentStreaming: Texture pool size is 0.00 MB
[2017.06.13-14.07.17:575][  0]LogMeshUtilities: Using QuadricMeshReduction for automatic static mesh reduction
[2017.06.13-14.07.17:609][  0]LogSimplygon: Simplygon DLL not present - disabling.
[2017.06.13-14.07.17:646][  0]LogMeshUtilities: Using SimplygonSwarm for distributed automatic mesh merging
[2017.06.13-14.07.17:646][  0]LogMeshUtilities: No automatic skeletal mesh reduction module available
[2017.06.13-14.07.17:646][  0]LogMeshUtilities: No automatic mesh merging module available
[2017.06.13-14.07.18:131][  0]LogNetVersion: GetLocalNetworkVersion: CL: 3299760, ProjectName: battle_tank, ProjectVersion: , EngineNetworkVersion: 2, GameNetworkVersion: 0, NetworkChecksum: 3746601796
[2017.06.13-14.07.18:168][  0]LogAssetRegistry: FAssetRegistry took 0.0211 seconds to start up
[2017.06.13-14.07.18:191][  0]LogPackageLocalizationCache: Processed 3 localized package path(s) for 1 prioritized culture(s) in 0.009976 seconds
[2017.06.13-14.07.18:196][  0]LogUObjectArray: 32493 objects as part of root set at end of initial load.
[2017.06.13-14.07.18:196][  0]LogUObjectAllocator: 7077032 out of 0 bytes used by permanent object pool.
[2017.06.13-14.07.18:196][  0]LogUObjectArray: CloseDisregardForGC: 0/0 objects in disregard for GC pool
[2017.06.13-14.07.18:237][  0]LogInit: WinSock: version 1.1 (2.2), MaxSocks=32767, MaxUdp=65467
[2017.06.13-14.07.19:777][  0]LogTcpMessaging: Initializing TcpMessaging bridge
[2017.06.13-14.07.19:810][  0]LogUdpMessaging: Initializing bridge on interface 0.0.0.0:0 to multicast group 230.0.0.1:6666.
[2017.06.13-14.07.20:252][  0]LogMaterial: Uniform references updated for custom material expression Custom.
[2017.06.13-14.07.20:602][  0]SourceControl: Info Source control is disabled
[2017.06.13-14.07.20:661][  0]SourceControl: Info Source control is disabled
[2017.06.13-14.07.20:701][  0]SourceControl: Info Source control is disabled
[2017.06.13-14.07.20:742][  0]SourceControl: Info Source control is disabled
[2017.06.13-14.07.21:775][  0]LogEngine: Initializing Engine...
[2017.06.13-14.07.21:775][  0]LogHMD: Failed to initialize OpenVR with code 110
[2017.06.13-14.07.21:876][  0]LogStats: UGameplayTagsManager::ConstructGameplayTagTree: Construct from data asset -  0.000 s
[2017.06.13-14.07.21:876][  0]LogStats: UGameplayTagsManager::ConstructGameplayTagTree: GameplayTagTreeChangedEvent.Broadcast -  0.000 s
[2017.06.13-14.07.21:967][  0]LogAIModule: Creating AISystem for world Untitled
[2017.06.13-14.07.21:982][  0]LogInit: XAudio2 using 'Speakers (2- SteelSeries Siberia 350)' : 2 channels at 44.1 kHz using 16 bits per sample (channel mask 0x3)
[2017.06.13-14.07.22:006][  0]LogInit: FAudioDevice initialized.
[2017.06.13-14.07.22:038][  0]LogDerivedDataCache: Saved boot cache 0.03s 50MB C:/Users/Yuval-PC/AppData/Local/UnrealEngine/4.15/DerivedDataCache/Boot.ddc.
[2017.06.13-14.07.22:045][  0]LogInit: Texture streaming: Enabled
[2017.06.13-14.07.22:118][  0]LogEngineSessionManager: EngineSessionManager initialized
[2017.06.13-14.07.22:202][  0]LogInit: Transaction tracking system initialized
[2017.06.13-14.07.22:502][  0]BlueprintLog: New page: Editor Load
[2017.06.13-14.07.23:144][  0]LocalizationService: Info Localization service is disabled
[2017.06.13-14.07.23:856][  0]LogConsoleResponse:Display: 
[2017.06.13-14.07.23:964][  0]LogCook:Display: Max memory allowance for cook 16384mb min free memory 0mb
[2017.06.13-14.07.23:964][  0]LogCook:Display: Mobile HDR setting 1
[2017.06.13-14.07.24:771][  0]LogFileCache: Scanning file cache for directory 'D:/programming/Unreal Course/repositories/04Battle_Tank/Battle_Tank/Content/' took 0.01s
[2017.06.13-14.07.24:771][  0]SourceControl: Info Source control is disabled
[2017.06.13-14.07.24:854][  0]LogWindowsTextInputMethodSystem:Display: IME system now deactivated.
[2017.06.13-14.07.24:881][  0]LogSlate: Took 0.000282 seconds to synchronously load lazily loaded font '../../../Engine/Content/Slate/Fonts/Roboto-Regular.ttf' (155K)
[2017.06.13-14.07.42:598][  0]LogWindowsTextInputMethodSystem:Display: IME system now deactivated.
[2017.06.13-14.07.42:599][  0]LogWindowsTextInputMethodSystem:Display: IME system now deactivated.
[2017.06.13-14.07.42:799][  0]Cmd: MAP LOAD FILE="../../../Engine/Content/Maps/Templates/Template_Default.umap" TEMPLATE=1 SHOWPROGRESS=1 FEATURELEVEL=3
[2017.06.13-14.07.42:799][  0]LightingResults: New page: Lighting Build
[2017.06.13-14.07.42:836][  0]MapCheck: New page: Map Check
[2017.06.13-14.07.42:836][  0]LightingResults: New page: Lighting Build
[2017.06.13-14.07.43:014][  0]LogAIModule: Creating AISystem for world Untitled_1
[2017.06.13-14.07.43:032][  0]LogActorComponent: RegisterComponentWithWorld: (/Temp/Untitled_1.Untitled_1:PersistentLevel.WorldSettings_1.StaticMeshComponent0) Trying to register component with IsPendingKill() == true. Aborting.
[2017.06.13-14.07.43:036][  0]LogEditorServer: Finished looking for orphan Actors (0.000 secs)
[2017.06.13-14.07.43:039][  0]Cmd: MAP CHECKDEP NOCLEARLOG
[2017.06.13-14.07.43:095][  0]MapCheck: Info Map check complete: 0 Error(s), 0 Warning(s), took 55.997ms to complete.
[2017.06.13-14.07.43:095][  0]LogFileHelpers: Loading map 'Template_Default' took 0.297
[2017.06.13-14.07.43:389][  0]LogStats:Warning: MetaData mismatch. Did you assign a stat to two groups? New //STATGROUP_Threads//SplashScreenThread///Thread_3c34_0///####STATCAT_Advanced#### old //STATGROUP_Threads//SplashScreenThread///Thread_2f64_0///####STATCAT_Advanced####
[2017.06.13-14.07.43:389][  0]LogCollectionManager: Loaded 0 collections in 0.001182 seconds
[2017.06.13-14.07.43:490][  0]LogFileCache: Scanning file cache for directory 'D:/programming/Unreal Course/repositories/04Battle_Tank/Battle_Tank/Saved/Collections/' took 0.01s
[2017.06.13-14.07.43:490][  0]LogFileCache: Scanning file cache for directory 'D:/programming/Unreal Course/repositories/04Battle_Tank/Battle_Tank/Content/Developers/YuvalPC/Collections/' took 0.01s
[2017.06.13-14.07.43:490][  0]LogFileCache: Scanning file cache for directory 'D:/programming/Unreal Course/repositories/04Battle_Tank/Battle_Tank/Content/Collections/' took 0.01s
[2017.06.13-14.07.43:490][  0]LogCollectionManager: Rebuilt the GUID cache for 0 collections in 0.000001 seconds
[2017.06.13-14.07.43:500][  0]LogContentBrowser: Native class hierarchy populated in 0.0089 seconds. Added 2246 classes and 455 folders.
[2017.06.13-14.07.43:549][  0]LogContentBrowser: Native class hierarchy updated for 'WidgetCarousel' in 0.0014 seconds. Added 0 classes and 0 folders.
[2017.06.13-14.07.44:451][  0]LogContentBrowser: Native class hierarchy updated for 'AddContentDialog' in 0.0018 seconds. Added 0 classes and 0 folders.
[2017.06.13-14.07.44:522][  0]LogContentBrowser: Native class hierarchy updated for 'SceneOutliner' in 0.0017 seconds. Added 1 classes and 2 folders.
[2017.06.13-14.07.44:796][  0]LogCrashTracker: Crashtracker disabled due to settings.
[2017.06.13-14.07.44:824][  0]LogUObjectGlobals:Warning: Failed to find object 'Class None.'
[2017.06.13-14.07.44:878][  0]LogContentBrowser: Native class hierarchy updated for 'HierarchicalLODOutliner' in 0.0019 seconds. Added 1 classes and 2 folders.
[2017.06.13-14.07.44:879][  0]LogLoad: (Engine Initialization) Total time: 33.15 seconds
[2017.06.13-14.07.44:879][  0]LogLoad: (Engine Initialization) Total Blueprint compile time: 0.07 seconds
[2017.06.13-14.07.44:879][  0]LogExternalProfiler: No external profilers were discovered.  External profiling features will not be available.
[2017.06.13-14.07.44:888][  0]LogOcInput: OculusInput pre-init called
[2017.06.13-14.07.44:901][  0]LogAssetRegistry: Asset discovery search completed in 26.7547 seconds
[2017.06.13-14.07.44:901][  0]LogCollectionManager: Rebuilt the object cache for 0 collections in 0.000004 seconds (found 0 objects)
[2017.06.13-14.07.44:901][  0]LogCollectionManager: Fixed up redirectors for 0 collections in 0.000019 seconds (updated 0 objects)
[2017.06.13-14.07.44:917][  0]LogContentStreaming: Texture pool size now 600 MB
[2017.06.13-14.07.44:925][  0]LogSlate: Took 0.000276 seconds to synchronously load lazily loaded font '../../../Engine/Content/Slate/Fonts/Roboto-Bold.ttf' (160K)
[2017.06.13-14.07.44:942][  0]LogSlate: Took 0.011615 seconds to synchronously load lazily loaded font '../../../Engine/Content/Editor/Slate/Fonts/FontAwesome.ttf' (139K)
[2017.06.13-14.07.44:964][  0]LogSlate: Took 0.010869 seconds to synchronously load lazily loaded font '../../../Engine/Content/Editor/Slate/Fonts/DroidSansMono.ttf' (77K)
[2017.06.13-14.07.45:363][  0]LogRenderer: Reallocating scene render targets to support 1576x444 NumSamples 1 (Frame:2).
[2017.06.13-22.36.53:537][818]LogHttp:Warning: 000001DA3E220700: request failed, libcurl error: 7 (Couldn't connect to server)
[2017.06.13-22.36.53:543][818]LogHttp:Warning: 000001DA3E220700: libcurl info message cache 0 (Found bundle for host datarouter.ol.epicgames.com: 0x1da3df6bfa0 [can pipeline])
[2017.06.13-22.36.53:544][818]LogHttp:Warning: 000001DA3E220700: libcurl info message cache 1 (Re-using existing connection! (#138) with host datarouter.ol.epicgames.com)
[2017.06.13-22.36.53:546][818]LogHttp:Warning: 000001DA3E220700: libcurl info message cache 2 (Connected to datarouter.ol.epicgames.com (54.165.158.243) port 443 (#138))
[2017.06.13-22.36.53:547][818]LogHttp:Warning: 000001DA3E220700: libcurl info message cache 3 (upload completely sent off: 348 out of 348 bytes)
[2017.06.13-22.36.53:548][818]LogHttp:Warning: 000001DA3E220700: libcurl info message cache 4 (TLSv1.2 (IN), TLS alert, Client hello (1):)
[2017.06.13-22.36.53:548][818]LogHttp:Warning: 000001DA3E220700: libcurl info message cache 5 (Connection died, retrying a fresh connect)
[2017.06.13-22.36.53:549][818]LogHttp:Warning: 000001DA3E220700: libcurl info message cache 6 (Closing connection 138)
[2017.06.13-22.36.53:549][818]LogHttp:Warning: 000001DA3E220700: libcurl info message cache 7 (TLSv1.2 (OUT), TLS alert, Client hello (1):)
[2017.06.13-22.36.53:550][818]LogHttp:Warning: 000001DA3E220700: libcurl info message cache 8 (Issue another request to this URL: 'https://datarouter.ol.epicgames.com/datarouter/api/v1/public/data?SessionID=%7BB1B88BD4-45AE-11EE-854F-4198961A9728%7D&AppID=UEEditor.Rocket.Release&AppVersion=4.15.3-3450819%2B%2B%2BUE4%2BRelease-4.15&UserID=b612aa15414bbecd84a84893e78e55b8%7C188f3bfd6267469896127d33a4492ba9%7C35d808f9-a118-45af-8343-5efe0e7b17e3&AppEnvironment=datacollector-binary&UploadType=eteventstream')
[2017.06.13-22.36.53:552][818]LogHttp:Warning: 000001DA3E220700: libcurl info message cache 9 (  Trying 54.165.158.243...)
[2017.06.13-22.36.53:552][818]LogHttp:Warning: 000001DA3E220700: libcurl info message cache 10 (connect to 54.165.158.243 port 443 failed: Connection refused)
[2017.06.13-22.36.53:552][818]LogHttp:Warning: 000001DA3E220700: libcurl info message cache 11 (  Trying 54.164.193.73...)
[2017.06.13-22.36.53:552][818]LogHttp:Warning: 000001DA3E220700: libcurl info message cache 12 (connect to 54.164.193.73 port 443 failed: Connection refused)
[2017.06.13-22.36.53:553][818]LogHttp:Warning: 000001DA3E220700: libcurl info message cache 13 (  Trying 34.198.55.107...)
[2017.06.13-22.36.53:553][818]LogHttp:Warning: 000001DA3E220700: libcurl info message cache 14 (connect to 34.198.55.107 port 443 failed: Connection refused)
[2017.06.13-22.36.53:553][818]LogHttp:Warning: 000001DA3E220700: libcurl info message cache 15 (  Trying 107.21.20.6...)
[2017.06.13-22.36.53:554][818]LogHttp:Warning: 000001DA3E220700: libcurl info message cache 16 (connect to 107.21.20.6 port 443 failed: Connection refused)
[2017.06.13-22.36.53:554][818]LogHttp:Warning: 000001DA3E220700: libcurl info message cache 17 (Failed to connect to datarouter.ol.epicgames.com port 443: Connection refused)
[2017.06.13-22.36.53:555][818]LogHttp:Warning: 000001DA3E220700: libcurl info message cache 18 (Closing connection 139)
[2017.06.13-23.05.57:147][ 46]LogHttp:Warning: 000001DA3E220280: request failed, libcurl error: 7 (Couldn't connect to server)
[2017.06.13-23.05.57:148][ 46]LogHttp:Warning: 000001DA3E220280: libcurl info message cache 0 (Found bundle for host datarouter.ol.epicgames.com: 0x1da3df6bfa0 [can pipeline])
[2017.06.13-23.05.57:149][ 46]LogHttp:Warning: 000001DA3E220280: libcurl info message cache 1 (Re-using existing connection! (#143) with host datarouter.ol.epicgames.com)
[2017.06.13-23.05.57:150][ 46]LogHttp:Warning: 000001DA3E220280: libcurl info message cache 2 (Connected to datarouter.ol.epicgames.com (54.165.158.243) port 443 (#143))
[2017.06.13-23.05.57:151][ 46]LogHttp:Warning: 000001DA3E220280: libcurl info message cache 3 (upload completely sent off: 348 out of 348 bytes)
[2017.06.13-23.05.57:151][ 46]LogHttp:Warning: 000001DA3E220280: libcurl info message cache 4 (TLSv1.2 (IN), TLS alert, Client hello (1):)
[2017.06.13-23.05.57:152][ 46]LogHttp:Warning: 000001DA3E220280: libcurl info message cache 5 (Connection died, retrying a fresh connect)
[2017.06.13-23.05.57:152][ 46]LogHttp:Warning: 000001DA3E220280: libcurl info message cache 6 (Closing connection 143)
[2017.06.13-23.05.57:153][ 46]LogHttp:Warning: 000001DA3E220280: libcurl info message cache 7 (TLSv1.2 (OUT), TLS alert, Client hello (1):)
[2017.06.13-23.05.57:157][ 46]LogHttp:Warning: 000001DA3E220280: libcurl info message cache 8 (Issue another request to this URL: 'https://datarouter.ol.epicgames.com/datarouter/api/v1/public/data?SessionID=%7BB1B88BD4-45AE-11EE-854F-4198961A9728%7D&AppID=UEEditor.Rocket.Release&AppVersion=4.15.3-3450819%2B%2B%2BUE4%2BRelease-4.15&UserID=b612aa15414bbecd84a84893e78e55b8%7C188f3bfd6267469896127d33a4492ba9%7C35d808f9-a118-45af-8343-5efe0e7b17e3&AppEnvironment=datacollector-binary&UploadType=eteventstream')
[2017.06.13-23.05.57:160][ 46]LogHttp:Warning: 000001DA3E220280: libcurl info message cache 9 (  Trying 54.165.158.243...)
[2017.06.13-23.05.57:161][ 46]LogHttp:Warning: 000001DA3E220280: libcurl info message cache 10 (connect to 54.165.158.243 port 443 failed: Timed out)
[2017.06.13-23.05.57:162][ 46]LogHttp:Warning: 000001DA3E220280: libcurl info message cache 11 (  Trying 54.164.193.73...)
[2017.06.13-23.05.57:163][ 46]LogHttp:Warning: 000001DA3E220280: libcurl info message cache 12 (connect to 54.164.193.73 port 443 failed: Timed out)
[2017.06.13-23.05.57:163][ 46]LogHttp:Warning: 000001DA3E220280: libcurl info message cache 13 (  Trying 34.198.55.107...)
[2017.06.13-23.05.57:164][ 46]LogHttp:Warning: 000001DA3E220280: libcurl info message cache 14 (connect to 34.198.55.107 port 443 failed: Connection refused)
[2017.06.13-23.05.57:165][ 46]LogHttp:Warning: 000001DA3E220280: libcurl info message cache 15 (  Trying 107.21.20.6...)
[2017.06.13-23.05.57:166][ 46]LogHttp:Warning: 000001DA3E220280: libcurl info message cache 16 (connect to 107.21.20.6 port 443 failed: Connection refused)
[2017.06.13-23.05.57:167][ 46]LogHttp:Warning: 000001DA3E220280: libcurl info message cache 17 (Failed to connect to datarouter.ol.epicgames.com port 443: Connection refused)
[2017.06.13-23.05.57:168][ 46]LogHttp:Warning: 000001DA3E220280: libcurl info message cache 18 (Closing connection 144)
[2017.06.13-23.07.02:879][243]LogHttp:Warning: 000001DA3E222C80: request failed, libcurl error: 7 (Couldn't connect to server)
[2017.06.13-23.07.02:880][243]LogHttp:Warning: 000001DA3E222C80: libcurl info message cache 0 (Found bundle for host datarouter.ol.epicgames.com: 0x1da3df6bfe8 [serially])
[2017.06.13-23.07.02:882][243]LogHttp:Warning: 000001DA3E222C80: libcurl info message cache 1 (Hostname datarouter.ol.epicgames.com was found in DNS cache)
[2017.06.13-23.07.02:882][243]LogHttp:Warning: 000001DA3E222C80: libcurl info message cache 2 (  Trying 54.165.158.243...)
[2017.06.13-23.07.02:883][243]LogHttp:Warning: 000001DA3E222C80: libcurl info message cache 3 (connect to 54.165.158.243 port 443 failed: Timed out)
[2017.06.13-23.07.02:884][243]LogHttp:Warning: 000001DA3E222C80: libcurl info message cache 4 (  Trying 54.164.193.73...)
[2017.06.13-23.07.02:884][243]LogHttp:Warning: 000001DA3E222C80: libcurl info message cache 5 (connect to 54.164.193.73 port 443 failed: Connection refused)
[2017.06.13-23.07.02:885][243]LogHttp:Warning: 000001DA3E222C80: libcurl info message cache 6 (  Trying 34.198.55.107...)
[2017.06.13-23.07.02:885][243]LogHttp:Warning: 000001DA3E222C80: libcurl info message cache 7 (connect to 34.198.55.107 port 443 failed: Timed out)
[2017.06.13-23.07.02:886][243]LogHttp:Warning: 000001DA3E222C80: libcurl info message cache 8 (  Trying 107.21.20.6...)
[2017.06.13-23.07.02:887][243]LogHttp:Warning: 000001DA3E222C80: libcurl info message cache 9 (connect to 107.21.20.6 port 443 failed: Connection refused)
[2017.06.13-23.07.02:888][243]LogHttp:Warning: 000001DA3E222C80: libcurl info message cache 10 (Failed to connect to datarouter.ol.epicgames.com port 443: Connection refused)
[2017.06.13-23.07.02:888][243]LogHttp:Warning: 000001DA3E222C80: libcurl info message cache 11 (Closing connection 145)
[2017.06.21-07.06.43:840][773]LogTexture:Display: Building textures: Texture2D_2 (G8, 128X128) - 71 MB total VRAM
[2017.06.21-07.06.45:508][773]LogEditorSelectUtils:Warning: SelectActor: The requested operation could not be completed because the actor has invalid flags. (Landscape)
[2017.06.21-07.06.45:517][773]LogActorComponent: RegisterComponentWithWorld: (/Temp/Untitled_1.Untitled_1:PersistentLevel.Landscape_2.RootComponent0) Trying to register component with IsPendingKill() == true. Aborting.
[2017.06.21-07.06.45:538][773]LogEditorSelectUtils:Warning: SelectActor: The requested operation could not be completed because the actor has invalid flags. (Landscape)
[2017.06.21-07.07.16:986][898]LogSlate: Took 0.013497 seconds to synchronously load lazily loaded font '../../../Engine/Content/Slate/Fonts/Roboto-Light.ttf' (159K)
[2017.06.21-07.07.17:412][898]LogTexture:Display: Building textures: Texture2D_0 (BGRA8, 512X512) - 71 MB total VRAM
[2017.06.21-07.07.17:640][898]LogMaterial: 0.00 seconds spent updating 1 materials, 64 interfaces, 0 instances, 0 with static permutations.
[2017.06.21-07.07.27:865][593]LogSlate: Took 0.001004 seconds to synchronously load lazily loaded font '../../../Engine/Content/Slate/Fonts/Roboto-Light.ttf' (159K)
[2017.06.21-07.07.45:085][505]Cmd: DELETE
[2017.06.21-07.07.45:086][505]Cmd: ACTOR DELETE
[2017.06.21-07.07.45:580][505]LogEditorActor: Deleted Actor: Landscape
[2017.06.21-07.07.46:433][505]LogEditorActor: Deleted 1 Actors (0.929 secs)
[2017.06.21-07.08.00:332][668]LogSlate: Took 0.020440 seconds to synchronously load lazily loaded font '../../../Engine/Content/Slate/Fonts/Roboto-Regular.ttf' (155K)
[2017.06.21-07.08.05:330][668]LogRenderer: Reallocating scene render targets to support 1576x924 NumSamples 1 (Frame:9657).
[2017.06.21-07.08.11:791][269]LogSlate: Took 0.042228 seconds to synchronously load lazily loaded font '../../../Engine/Content/Editor/Slate/Fonts/Roboto-Italic.ttf' (157K)
[2017.06.21-07.08.42:827][945]LogTexture:Display: Building textures: Texture2D_3 (G8, 128X128) - 99 MB total VRAM
[2017.06.21-07.10.11:725][207]LogSlate: Took 0.000260 seconds to synchronously load lazily loaded font '../../../Engine/Content/Slate/Fonts/Roboto-Light.ttf' (159K)
[2017.06.21-07.10.22:184][235]LogSavePackage: Save=314.36ms
[2017.06.21-07.10.22:184][235]LogSavePackage: Moving '../../../../Unreal Course/repositories/04Battle_Tank/Battle_Tank/Saved/Untitled_1_Auto1034F834A4A3BC4AC0DE9D8A9128A4E24.tmp' to '../../../../Unreal Course/repositories/04Battle_Tank/Battle_Tank/Saved/Autosaves/Temp/Untitled_1_Auto1.umap'
[2017.06.21-07.10.22:185][235]LogSavePackage:Display: Finished SavePackage ../../../../Unreal Course/repositories/04Battle_Tank/Battle_Tank/Saved/Autosaves/Temp/Untitled_1_Auto1.umap
[2017.06.21-07.10.22:211][235]LogFileHelpers: Editor autosave (incl. sublevels) for '/Temp/Untitled_1' took 1.054
[2017.06.21-07.10.22:211][235]LogFileHelpers: Editor autosave (incl. sublevels) for all levels took 1.054
[2017.06.21-07.10.53:572][495]LogTexture:Display: Building textures: Texture2D_1 (BGRA8, 512X512) - 98 MB total VRAM
[2017.06.21-07.10.53:586][495]LogTexture:Display: Building textures: Texture2D_2 (BGRA8, 512X512) - 98 MB total VRAM
[2017.06.21-07.10.53:600][495]LogTexture:Display: Building textures: Texture2D_3 (BGRA8, 512X512) - 98 MB total VRAM
[2017.06.21-07.10.53:613][495]LogTexture:Display: Building textures: Texture2D_4 (BGRA8, 512X512) - 98 MB total VRAM
[2017.06.21-07.10.53:626][495]LogTexture:Display: Building textures: Texture2D_5 (BGRA8, 512X512) - 98 MB total VRAM
[2017.06.21-07.10.53:639][495]LogTexture:Display: Building textures: Texture2D_6 (BGRA8, 512X512) - 98 MB total VRAM
[2017.06.21-07.10.53:651][495]LogTexture:Display: Building textures: Texture2D_7 (BGRA8, 512X512) - 98 MB total VRAM
[2017.06.21-07.10.53:663][495]LogTexture:Display: Building textures: Texture2D_8 (BGRA8, 512X512) - 98 MB total VRAM
[2017.06.21-07.10.53:676][495]LogTexture:Display: Building textures: Texture2D_9 (BGRA8, 512X512) - 98 MB total VRAM
[2017.06.21-07.10.53:688][495]LogTexture:Display: Building textures: Texture2D_10 (BGRA8, 512X512) - 98 MB total VRAM
[2017.06.21-07.10.53:700][495]LogTexture:Display: Building textures: Texture2D_11 (BGRA8, 512X512) - 98 MB total VRAM
[2017.06.21-07.10.53:713][495]LogTexture:Display: Building textures: Texture2D_12 (BGRA8, 512X512) - 98 MB total VRAM
[2017.06.21-07.10.53:725][495]LogTexture:Display: Building textures: Texture2D_13 (BGRA8, 512X512) - 98 MB total VRAM
[2017.06.21-07.10.53:737][495]LogTexture:Display: Building textures: Texture2D_14 (BGRA8, 512X512) - 98 MB total VRAM
[2017.06.21-07.10.53:749][495]LogTexture:Display: Building textures: Texture2D_15 (BGRA8, 512X512) - 98 MB total VRAM
[2017.06.21-07.10.53:762][495]LogTexture:Display: Building textures: Texture2D_16 (BGRA8, 512X512) - 98 MB total VRAM
[2017.06.21-07.10.53:776][495]LogMaterial: 0.00 seconds spent updating 1 materials, 64 interfaces, 0 instances, 0 with static permutations.
[2017.06.21-07.11.08:726][213]MapCheck: New page: Map Check
[2017.06.21-07.11.08:961][213]LightingResults: New page: Lighting Build - Jun 21, 2017, 1:11:08 PM
[2017.06.21-07.11.09:449][213]LogSwarmInterface: [OpenConnection] Registering TCP channel ...
[2017.06.21-07.11.09:988][213]LogSwarmInterface: [OpenConnection] Connecting to agent ...
[2017.06.21-07.11.10:047][213]LogSwarmInterface: [TryOpenConnection] Testing the Agent
[2017.06.21-07.11.11:098][213]LogSwarmInterface: [TryOpenConnection] Opening Connection to Agent
[2017.06.21-07.11.11:099][213]LogSwarmInterface: [TryOpenConnection] Local Process ID is 7436
[2017.06.21-07.11.13:362][213]LightingResults:Warning: Performance Warning No importance volume found and the scene is so large that the automatically synthesized volume will not yield good results.  Please add a tightly bounding lightmass importance volume to optimize your scene's quality and lighting build times.
[2017.06.21-07.11.13:392][213]LogStaticLightingSystem: Running Lightmass w/ ImmediateImport mode ENABLED
[2017.06.21-07.11.13:392][213]LogStaticLightingSystem: Running Lightmass w/ ImmediateProcess mode ENABLED
[2017.06.21-07.11.13:392][213]LogStaticLightingSystem: Running Lightmass w/ Sorting mode ENABLED
[2017.06.21-07.11.13:392][213]LogStaticLightingSystem: Running Lightmass w/ Mapping paddings ENABLED
[2017.06.21-07.11.13:392][213]LogStaticLightingSystem: Running Lightmass w/ Mapping debug paddings DISABLED
[2017.06.21-07.11.13:811][213]LogEditorBuildUtils: Build time 0:05
[2017.06.21-07.14.28:789][527]Job is a success!
[2017.06.21-07.14.31:012][528]LogTexture:Display: Building textures: HQ_Lightmap0_1 (AutoDXT, 512X512) - 119 MB total VRAM
[2017.06.21-07.14.31:013][528]LogTexture:Display: Building textures: LQ_Lightmap_0_1 (DXT1, 512X512) - 119 MB total VRAM
[2017.06.21-07.14.31:013][528]LogTexture:Display: Building textures: HQ_Lightmap0_2 (AutoDXT, 512X512) - 119 MB total VRAM
[2017.06.21-07.14.31:013][528]LogTexture:Display: Building textures: LQ_Lightmap_0_2 (DXT1, 512X512) - 119 MB total VRAM
[2017.06.21-07.14.31:014][528]LogTexture:Display: Building textures: HQ_Lightmap0_3 (AutoDXT, 512X512) - 119 MB total VRAM
[2017.06.21-07.14.31:014][528]LogTexture:Display: Building textures: LQ_Lightmap_0_3 (DXT1, 512X512) - 119 MB total VRAM
[2017.06.21-07.14.31:014][528]LogTexture:Display: Building textures: HQ_Lightmap0_4 (AutoDXT, 512X512) - 119 MB total VRAM
[2017.06.21-07.14.31:014][528]LogTexture:Display: Building textures: LQ_Lightmap_0_4 (DXT1, 512X512) - 119 MB total VRAM
[2017.06.21-07.14.31:014][528]LogTexture:Display: Building textures: HQ_Lightmap0_5 (AutoDXT, 512X512) - 119 MB total VRAM
[2017.06.21-07.14.31:015][528]LogTexture:Display: Building textures: LQ_Lightmap_0_5 (DXT1, 512X512) - 119 MB total VRAM
[2017.06.21-07.14.31:015][528]LogTexture:Display: Building textures: HQ_Lightmap0_6 (AutoDXT, 512X512) - 119 MB total VRAM
[2017.06.21-07.14.31:015][528]LogTexture:Display: Building textures: LQ_Lightmap_0_6 (DXT1, 512X512) - 119 MB total VRAM
[2017.06.21-07.14.31:015][528]LogTexture:Display: Building textures: HQ_Lightmap0_7 (AutoDXT, 512X512) - 119 MB total VRAM
[2017.06.21-07.14.31:015][528]LogTexture:Display: Building textures: LQ_Lightmap_0_7 (DXT1, 512X512) - 119 MB total VRAM
[2017.06.21-07.14.31:015][528]LogTexture:Display: Building textures: HQ_Lightmap0_8 (AutoDXT, 512X512) - 119 MB total VRAM
[2017.06.21-07.14.31:015][528]LogTexture:Display: Building textures: LQ_Lightmap_0_8 (DXT1, 512X512) - 119 MB total VRAM
[2017.06.21-07.14.31:015][528]LogTexture:Display: Building textures: HQ_Lightmap0_9 (AutoDXT, 512X512) - 119 MB total VRAM
[2017.06.21-07.14.31:015][528]LogTexture:Display: Building textures: HQ_Lightmap0_10 (AutoDXT, 512X512) - 119 MB total VRAM
[2017.06.21-07.14.31:015][528]LogTexture:Display: Building textures: LQ_Lightmap_0_9 (DXT1, 512X512) - 119 MB total VRAM
[2017.06.21-07.14.31:015][528]LogTexture:Display: Building textures: LQ_Lightmap_0_10 (DXT1, 512X512) - 119 MB total VRAM
[2017.06.21-07.14.31:016][528]LogTexture:Display: Building textures: HQ_Lightmap0_11 (AutoDXT, 512X512) - 119 MB total VRAM
[2017.06.21-07.14.31:016][528]LogTexture:Display: Building textures: LQ_Lightmap_0_11 (DXT1, 512X512) - 119 MB total VRAM
[2017.06.21-07.14.31:016][528]LogTexture:Display: Building textures: HQ_Lightmap0_12 (AutoDXT, 512X512) - 119 MB total VRAM
[2017.06.21-07.14.31:016][528]LogTexture:Display: Building textures: LQ_Lightmap_0_12 (DXT1, 512X512) - 119 MB total VRAM
[2017.06.21-07.14.31:016][528]LogTexture:Display: Building textures: HQ_Lightmap0_13 (AutoDXT, 512X512) - 119 MB total VRAM
[2017.06.21-07.14.31:016][528]LogTexture:Display: Building textures: LQ_Lightmap_0_13 (DXT1, 512X512) - 119 MB total VRAM
[2017.06.21-07.14.31:016][528]LogTexture:Display: Building textures: HQ_Lightmap0_14 (AutoDXT, 512X512) - 119 MB total VRAM
[2017.06.21-07.14.31:016][528]LogTexture:Display: Building textures: LQ_Lightmap_0_14 (DXT1, 512X512) - 119 MB total VRAM
[2017.06.21-07.14.31:016][528]LogTexture:Display: Building textures: HQ_Lightmap0_15 (AutoDXT, 512X512) - 119 MB total VRAM
[2017.06.21-07.14.31:016][528]LogTexture:Display: Building textures: LQ_Lightmap_0_15 (DXT1, 512X512) - 119 MB total VRAM
[2017.06.21-07.14.31:017][528]LogTexture:Display: Building textures: HQ_Lightmap0_16 (AutoDXT, 512X512) - 119 MB total VRAM
[2017.06.21-07.14.31:017][528]LogTexture:Display: Building textures: LQ_Lightmap_0_16 (DXT1, 512X512) - 119 MB total VRAM
[2017.06.21-07.14.31:017][528]LogTexture:Display: Building textures: HQ_Lightmap0_17 (AutoDXT, 512X512) - 119 MB total VRAM
[2017.06.21-07.14.31:017][528]LogTexture:Display: Building textures: LQ_Lightmap_0_17 (DXT1, 512X512) - 119 MB total VRAM
[2017.06.21-07.14.31:017][528]LogTexture:Display: Building textures: HQ_Lightmap0_18 (AutoDXT, 512X512) - 119 MB total VRAM
[2017.06.21-07.14.31:017][528]LogTexture:Display: Building textures: LQ_Lightmap_0_18 (DXT1, 512X512) - 119 MB total VRAM
[2017.06.21-07.14.31:017][528]LogTexture:Display: Building textures: HQ_Lightmap0_19 (AutoDXT, 512X512) - 119 MB total VRAM
[2017.06.21-07.14.31:017][528]LogTexture:Display: Building textures: LQ_Lightmap_0_19 (DXT1, 512X512) - 119 MB total VRAM
[2017.06.21-07.14.31:017][528]LogTexture:Display: Building textures: HQ_Lightmap0_20 (AutoDXT, 512X512) - 119 MB total VRAM
[2017.06.21-07.14.31:017][528]LogTexture:Display: Building textures: LQ_Lightmap_0_20 (DXT1, 512X512) - 119 MB total VRAM
[2017.06.21-07.14.31:017][528]LogTexture:Display: Building textures: HQ_Lightmap0_21 (AutoDXT, 512X512) - 119 MB total VRAM
[2017.06.21-07.14.31:017][528]LogTexture:Display: Building textures: LQ_Lightmap_0_21 (DXT1, 512X512) - 119 MB total VRAM
[2017.06.21-07.14.31:018][528]LogTexture:Display: Building textures: HQ_Lightmap0_22 (AutoDXT, 512X512) - 119 MB total VRAM
[2017.06.21-07.14.31:018][528]LogTexture:Display: Building textures: LQ_Lightmap_0_22 (DXT1, 512X512) - 119 MB total VRAM
[2017.06.21-07.14.31:018][528]LogTexture:Display: Building textures: HQ_Lightmap0_23 (AutoDXT, 512X512) - 119 MB total VRAM
[2017.06.21-07.14.31:018][528]LogTexture:Display: Building textures: LQ_Lightmap_0_23 (DXT1, 512X512) - 119 MB total VRAM
[2017.06.21-07.14.31:018][528]LogTexture:Display: Building textures: HQ_Lightmap0_24 (AutoDXT, 512X512) - 119 MB total VRAM
[2017.06.21-07.14.31:018][528]LogTexture:Display: Building textures: LQ_Lightmap_0_24 (DXT1, 512X512) - 119 MB total VRAM
[2017.06.21-07.14.31:018][528]LogTexture:Display: Building textures: HQ_Lightmap0_25 (AutoDXT, 512X512) - 119 MB total VRAM
[2017.06.21-07.14.31:018][528]LogTexture:Display: Building textures: LQ_Lightmap_0_25 (DXT1, 512X512) - 119 MB total VRAM
[2017.06.21-07.14.31:018][528]LogTexture:Display: Building textures: HQ_Lightmap0_26 (AutoDXT, 512X512) - 119 MB total VRAM
[2017.06.21-07.14.31:018][528]LogTexture:Display: Building textures: LQ_Lightmap_0_26 (DXT1, 512X512) - 119 MB total VRAM
[2017.06.21-07.14.31:018][528]LogTexture:Display: Building textures: HQ_Lightmap0_27 (AutoDXT, 512X512) - 119 MB total VRAM
[2017.06.21-07.14.31:018][528]LogTexture:Display: Building textures: LQ_Lightmap_0_27 (DXT1, 512X512) - 119 MB total VRAM
[2017.06.21-07.14.31:019][528]LogTexture:Display: Building textures: HQ_Lightmap0_28 (AutoDXT, 512X512) - 119 MB total VRAM
[2017.06.21-07.14.31:019][528]LogTexture:Display: Building textures: LQ_Lightmap_0_28 (DXT1, 512X512) - 119 MB total VRAM
[2017.06.21-07.14.31:019][528]LogTexture:Display: Building textures: HQ_Lightmap0_29 (AutoDXT, 512X512) - 119 MB total VRAM
[2017.06.21-07.14.31:019][528]LogTexture:Display: Building textures: LQ_Lightmap_0_29 (DXT1, 512X512) - 119 MB total VRAM
[2017.06.21-07.14.31:019][528]LogTexture:Display: Building textures: HQ_Lightmap0_30 (AutoDXT, 512X512) - 119 MB total VRAM
[2017.06.21-07.14.31:019][528]LogTexture:Display: Building textures: LQ_Lightmap_0_30 (DXT1, 512X512) - 119 MB total VRAM
[2017.06.21-07.14.31:019][528]LogTexture:Display: Building textures: HQ_Lightmap0_31 (AutoDXT, 512X512) - 119 MB total VRAM
[2017.06.21-07.14.31:019][528]LogTexture:Display: Building textures: LQ_Lightmap_0_31 (DXT1, 512X512) - 119 MB total VRAM
[2017.06.21-07.14.31:019][528]LogTexture:Display: Building textures: HQ_Lightmap0_32 (AutoDXT, 512X512) - 119 MB total VRAM
[2017.06.21-07.14.31:019][528]LogTexture:Display: Building textures: LQ_Lightmap_0_32 (DXT1, 512X512) - 119 MB total VRAM
[2017.06.21-07.14.31:019][528]LogTexture:Display: Building textures: HQ_Lightmap0_33 (AutoDXT, 512X512) - 119 MB total VRAM
[2017.06.21-07.14.31:019][528]LogTexture:Display: Building textures: LQ_Lightmap_0_33 (DXT1, 512X512) - 119 MB total VRAM
[2017.06.21-07.14.31:020][528]LogTexture:Display: Building textures: HQ_Lightmap0_34 (AutoDXT, 512X512) - 120 MB total VRAM
[2017.06.21-07.14.31:020][528]LogTexture:Display: Building textures: LQ_Lightmap_0_34 (DXT1, 512X512) - 120 MB total VRAM
[2017.06.21-07.14.31:020][528]LogTexture:Display: Building textures: HQ_Lightmap0_35 (AutoDXT, 512X512) - 120 MB total VRAM
[2017.06.21-07.14.31:020][528]LogTexture:Display: Building textures: LQ_Lightmap_0_35 (DXT1, 512X512) - 120 MB total VRAM
[2017.06.21-07.14.31:020][528]LogTexture:Display: Building textures: HQ_Lightmap0_36 (AutoDXT, 512X512) - 120 MB total VRAM
[2017.06.21-07.14.31:020][528]LogTexture:Display: Building textures: LQ_Lightmap_0_36 (DXT1, 512X512) - 120 MB total VRAM
[2017.06.21-07.14.31:020][528]LogTexture:Display: Building textures: HQ_Lightmap0_37 (AutoDXT, 512X512) - 120 MB total VRAM
[2017.06.21-07.14.31:020][528]LogTexture:Display: Building textures: LQ_Lightmap_0_37 (DXT1, 512X512) - 120 MB total VRAM
[2017.06.21-07.14.31:020][528]LogTexture:Display: Building textures: HQ_Lightmap0_38 (AutoDXT, 512X512) - 120 MB total VRAM
[2017.06.21-07.14.31:020][528]LogTexture:Display: Building textures: LQ_Lightmap_0_38 (DXT1, 512X512) - 120 MB total VRAM
[2017.06.21-07.14.31:020][528]LogTexture:Display: Building textures: HQ_Lightmap0_39 (AutoDXT, 512X512) - 120 MB total VRAM
[2017.06.21-07.14.31:020][528]LogTexture:Display: Building textures: LQ_Lightmap_0_39 (DXT1, 512X512) - 120 MB total VRAM
[2017.06.21-07.14.31:021][528]LogTexture:Display: Building textures: HQ_Lightmap0_40 (AutoDXT, 512X512) - 120 MB total VRAM
[2017.06.21-07.14.31:021][528]LogTexture:Display: Building textures: LQ_Lightmap_0_40 (DXT1, 512X512) - 120 MB total VRAM
[2017.06.21-07.14.31:021][528]LogTexture:Display: Building textures: HQ_Lightmap0_41 (AutoDXT, 512X512) - 120 MB total VRAM
[2017.06.21-07.14.31:021][528]LogTexture:Display: Building textures: LQ_Lightmap_0_41 (DXT1, 512X512) - 120 MB total VRAM
[2017.06.21-07.14.31:021][528]LogTexture:Display: Building textures: HQ_Lightmap0_42 (AutoDXT, 512X512) - 120 MB total VRAM
[2017.06.21-07.14.31:021][528]LogTexture:Display: Building textures: LQ_Lightmap_0_42 (DXT1, 512X512) - 120 MB total VRAM
[2017.06.21-07.14.31:021][528]LogTexture:Display: Building textures: HQ_Lightmap0_43 (AutoDXT, 512X512) - 120 MB total VRAM
[2017.06.21-07.14.31:021][528]LogTexture:Display: Building textures: LQ_Lightmap_0_43 (DXT1, 512X512) - 120 MB total VRAM
[2017.06.21-07.14.31:021][528]LogTexture:Display: Building textures: HQ_Lightmap0_44 (AutoDXT, 512X512) - 120 MB total VRAM
[2017.06.21-07.14.31:021][528]LogTexture:Display: Building textures: LQ_Lightmap_0_44 (DXT1, 512X512) - 120 MB total VRAM
[2017.06.21-07.14.31:021][528]LogTexture:Display: Building textures: HQ_Lightmap0_45 (AutoDXT, 512X512) - 120 MB total VRAM
[2017.06.21-07.14.31:021][528]LogTexture:Display: Building textures: LQ_Lightmap_0_45 (DXT1, 512X512) - 120 MB total VRAM
[2017.06.21-07.14.31:022][528]LogTexture:Display: Building textures: HQ_Lightmap0_46 (AutoDXT, 512X512) - 120 MB total VRAM
[2017.06.21-07.14.31:022][528]LogTexture:Display: Building textures: LQ_Lightmap_0_46 (DXT1, 512X512) - 120 MB total VRAM
[2017.06.21-07.14.31:022][528]LogTexture:Display: Building textures: HQ_Lightmap0_47 (AutoDXT, 512X512) - 120 MB total VRAM
[2017.06.21-07.14.31:022][528]LogTexture:Display: Building textures: LQ_Lightmap_0_47 (DXT1, 512X512) - 120 MB total VRAM
[2017.06.21-07.14.31:022][528]LogTexture:Display: Building textures: HQ_Lightmap0_48 (AutoDXT, 512X512) - 120 MB total VRAM
[2017.06.21-07.14.31:022][528]LogTexture:Display: Building textures: LQ_Lightmap_0_48 (DXT1, 512X512) - 120 MB total VRAM
[2017.06.21-07.14.31:022][528]LogTexture:Display: Building textures: HQ_Lightmap0_49 (AutoDXT, 512X512) - 120 MB total VRAM
[2017.06.21-07.14.31:022][528]LogTexture:Display: Building textures: LQ_Lightmap_0_49 (DXT1, 512X512) - 120 MB total VRAM
[2017.06.21-07.14.31:022][528]LogTexture:Display: Building textures: HQ_Lightmap0_50 (AutoDXT, 512X512) - 120 MB total VRAM
[2017.06.21-07.14.31:022][528]LogTexture:Display: Building textures: LQ_Lightmap_0_50 (DXT1, 512X512) - 120 MB total VRAM
[2017.06.21-07.14.31:022][528]LogTexture:Display: Building textures: HQ_Lightmap0_51 (AutoDXT, 512X512) - 120 MB total VRAM
[2017.06.21-07.14.31:023][528]LogTexture:Display: Building textures: LQ_Lightmap_0_51 (DXT1, 512X512) - 120 MB total VRAM
[2017.06.21-07.14.31:023][528]LogTexture:Display: Building textures: HQ_Lightmap0_52 (AutoDXT, 512X512) - 120 MB total VRAM
[2017.06.21-07.14.31:023][528]LogTexture:Display: Building textures: LQ_Lightmap_0_52 (DXT1, 512X512) - 120 MB total VRAM
[2017.06.21-07.14.31:023][528]LogTexture:Display: Building textures: HQ_Lightmap0_53 (AutoDXT, 512X512) - 120 MB total VRAM
[2017.06.21-07.14.31:023][528]LogTexture:Display: Building textures: LQ_Lightmap_0_53 (DXT1, 512X512) - 120 MB total VRAM
[2017.06.21-07.14.31:023][528]LogTexture:Display: Building textures: HQ_Lightmap0_54 (AutoDXT, 512X512) - 120 MB total VRAM
[2017.06.21-07.14.31:023][528]LogTexture:Display: Building textures: LQ_Lightmap_0_54 (DXT1, 512X512) - 120 MB total VRAM
[2017.06.21-07.14.31:023][528]LogTexture:Display: Building textures: HQ_Lightmap0_55 (AutoDXT, 512X512) - 120 MB total VRAM
[2017.06.21-07.14.31:023][528]LogTexture:Display: Building textures: LQ_Lightmap_0_55 (DXT1, 512X512) - 120 MB total VRAM
[2017.06.21-07.14.31:023][528]LogTexture:Display: Building textures: HQ_Lightmap0_56 (AutoDXT, 512X512) - 120 MB total VRAM
[2017.06.21-07.14.31:023][528]LogTexture:Display: Building textures: LQ_Lightmap_0_56 (DXT1, 512X512) - 120 MB total VRAM
[2017.06.21-07.14.31:024][528]LogTexture:Display: Building textures: HQ_Lightmap0_57 (AutoDXT, 512X512) - 120 MB total VRAM
[2017.06.21-07.14.31:024][528]LogTexture:Display: Building textures: LQ_Lightmap_0_57 (DXT1, 512X512) - 120 MB total VRAM
[2017.06.21-07.14.31:024][528]LogTexture:Display: Building textures: HQ_Lightmap0_58 (AutoDXT, 512X512) - 120 MB total VRAM
[2017.06.21-07.14.31:024][528]LogTexture:Display: Building textures: LQ_Lightmap_0_58 (DXT1, 512X512) - 120 MB total VRAM
[2017.06.21-07.14.31:024][528]LogTexture:Display: Building textures: HQ_Lightmap0_59 (AutoDXT, 512X512) - 120 MB total VRAM
[2017.06.21-07.14.31:024][528]LogTexture:Display: Building textures: LQ_Lightmap_0_59 (DXT1, 512X512) - 120 MB total VRAM
[2017.06.21-07.14.31:024][528]LogTexture:Display: Building textures: HQ_Lightmap0_60 (AutoDXT, 512X512) - 120 MB total VRAM
[2017.06.21-07.14.31:024][528]LogTexture:Display: Building textures: LQ_Lightmap_0_60 (DXT1, 512X512) - 120 MB total VRAM
[2017.06.21-07.14.31:024][528]LogTexture:Display: Building textures: HQ_Lightmap0_61 (AutoDXT, 512X512) - 120 MB total VRAM
[2017.06.21-07.14.31:024][528]LogTexture:Display: Building textures: LQ_Lightmap_0_61 (DXT1, 512X512) - 120 MB total VRAM
[2017.06.21-07.14.31:024][528]LogTexture:Display: Building textures: HQ_Lightmap0_62 (AutoDXT, 512X512) - 120 MB total VRAM
[2017.06.21-07.14.31:024][528]LogTexture:Display: Building textures: LQ_Lightmap_0_62 (DXT1, 512X512) - 120 MB total VRAM
[2017.06.21-07.14.31:025][528]LogTexture:Display: Building textures: HQ_Lightmap0_63 (AutoDXT, 512X512) - 120 MB total VRAM
[2017.06.21-07.14.31:025][528]LogTexture:Display: Building textures: LQ_Lightmap_0_63 (DXT1, 512X512) - 120 MB total VRAM
[2017.06.21-07.14.31:025][528]LogTexture:Display: Building textures: HQ_Lightmap0_64 (AutoDXT, 512X512) - 120 MB total VRAM
[2017.06.21-07.14.31:025][528]LogTexture:Display: Building textures: LQ_Lightmap_0_64 (DXT1, 512X512) - 120 MB total VRAM
[2017.06.21-07.14.31:025][528]LogTexture:Display: Building textures: HQ_Lightmap0_65 (AutoDXT, 64X64) - 120 MB total VRAM
[2017.06.21-07.14.31:025][528]LogTexture:Display: Building textures: LQ_Lightmap_0_65 (DXT1, 64X64) - 120 MB total VRAM
[2017.06.21-07.14.31:215][528]LogTexture:Display: Building textures: ShadowMapTexture2D_1 (G8, 256X256) - 120 MB total VRAM
[2017.06.21-07.14.31:215][528]LogTexture:Display: Building textures: ShadowMapTexture2D_0 (G8, 256X256) - 120 MB total VRAM
[2017.06.21-07.14.31:215][528]LogTexture:Display: Building textures: ShadowMapTexture2D_2 (G8, 256X256) - 120 MB total VRAM
[2017.06.21-07.14.31:215][528]LogTexture:Display: Building textures: ShadowMapTexture2D_3 (G8, 256X256) - 120 MB total VRAM
[2017.06.21-07.14.31:216][528]LogTexture:Display: Building textures: ShadowMapTexture2D_4 (G8, 256X256) - 120 MB total VRAM
[2017.06.21-07.14.31:216][528]LogTexture:Display: Building textures: ShadowMapTexture2D_5 (G8, 256X256) - 120 MB total VRAM
[2017.06.21-07.14.31:216][528]LogTexture:Display: Building textures: ShadowMapTexture2D_6 (G8, 256X256) - 120 MB total VRAM
[2017.06.21-07.14.31:216][528]LogTexture:Display: Building textures: ShadowMapTexture2D_8 (G8, 256X256) - 120 MB total VRAM
[2017.06.21-07.14.31:216][528]LogTexture:Display: Building textures: ShadowMapTexture2D_7 (G8, 256X256) - 120 MB total VRAM
[2017.06.21-07.14.31:216][528]LogTexture:Display: Building textures: ShadowMapTexture2D_9 (G8, 256X256) - 120 MB total VRAM
[2017.06.21-07.14.31:216][528]LogTexture:Display: Building textures: ShadowMapTexture2D_10 (G8, 256X256) - 120 MB total VRAM
[2017.06.21-07.14.31:216][528]LogTexture:Display: Building textures: ShadowMapTexture2D_11 (G8, 256X256) - 120 MB total VRAM
[2017.06.21-07.14.31:216][528]LogTexture:Display: Building textures: ShadowMapTexture2D_12 (G8, 256X256) - 120 MB total VRAM
[2017.06.21-07.14.31:216][528]LogTexture:Display: Building textures: ShadowMapTexture2D_14 (G8, 256X256) - 120 MB total VRAM
[2017.06.21-07.14.31:216][528]LogTexture:Display: Building textures: ShadowMapTexture2D_13 (G8, 256X256) - 120 MB total VRAM
[2017.06.21-07.14.31:217][528]LogTexture:Display: Building textures: ShadowMapTexture2D_16 (G8, 256X256) - 120 MB total VRAM
[2017.06.21-07.14.31:217][528]LogTexture:Display: Building textures: ShadowMapTexture2D_15 (G8, 256X256) - 120 MB total VRAM
[2017.06.21-07.14.31:217][528]LogTexture:Display: Building textures: ShadowMapTexture2D_17 (G8, 256X256) - 120 MB total VRAM
[2017.06.21-07.14.31:217][528]LogTexture:Display: Building textures: ShadowMapTexture2D_18 (G8, 256X256) - 120 MB total VRAM
[2017.06.21-07.14.31:217][528]LogTexture:Display: Building textures: ShadowMapTexture2D_19 (G8, 256X256) - 120 MB total VRAM
[2017.06.21-07.14.31:217][528]LogTexture:Display: Building textures: ShadowMapTexture2D_20 (G8, 256X256) - 120 MB total VRAM
[2017.06.21-07.14.31:217][528]LogTexture:Display: Building textures: ShadowMapTexture2D_21 (G8, 256X256) - 120 MB total VRAM
[2017.06.21-07.14.31:217][528]LogTexture:Display: Building textures: ShadowMapTexture2D_23 (G8, 256X256) - 120 MB total VRAM
[2017.06.21-07.14.31:218][528]LogTexture:Display: Building textures: ShadowMapTexture2D_22 (G8, 256X256) - 120 MB total VRAM
[2017.06.21-07.14.31:218][528]LogTexture:Display: Building textures: ShadowMapTexture2D_24 (G8, 256X256) - 120 MB total VRAM
[2017.06.21-07.14.31:218][528]LogTexture:Display: Building textures: ShadowMapTexture2D_25 (G8, 256X256) - 120 MB total VRAM
[2017.06.21-07.14.31:218][528]LogTexture:Display: Building textures: ShadowMapTexture2D_26 (G8, 256X256) - 120 MB total VRAM
[2017.06.21-07.14.31:218][528]LogTexture:Display: Building textures: ShadowMapTexture2D_27 (G8, 256X256) - 120 MB total VRAM
[2017.06.21-07.14.31:218][528]LogTexture:Display: Building textures: ShadowMapTexture2D_28 (G8, 256X256) - 120 MB total VRAM
[2017.06.21-07.14.31:218][528]LogTexture:Display: Building textures: ShadowMapTexture2D_30 (G8, 256X256) - 120 MB total VRAM
[2017.06.21-07.14.31:218][528]LogTexture:Display: Building textures: ShadowMapTexture2D_31 (G8, 256X256) - 120 MB total VRAM
[2017.06.21-07.14.31:219][528]LogTexture:Display: Building textures: ShadowMapTexture2D_29 (G8, 256X256) - 120 MB total VRAM
[2017.06.21-07.14.31:219][528]LogTexture:Display: Building textures: ShadowMapTexture2D_32 (G8, 256X256) - 120 MB total VRAM
[2017.06.21-07.14.31:219][528]LogTexture:Display: Building textures: ShadowMapTexture2D_34 (G8, 256X256) - 120 MB total VRAM
[2017.06.21-07.14.31:219][528]LogTexture:Display: Building textures: ShadowMapTexture2D_33 (G8, 256X256) - 120 MB total VRAM
[2017.06.21-07.14.31:219][528]LogTexture:Display: Building textures: ShadowMapTexture2D_35 (G8, 256X256) - 120 MB total VRAM
[2017.06.21-07.14.31:219][528]LogTexture:Display: Building textures: ShadowMapTexture2D_36 (G8, 256X256) - 120 MB total VRAM
[2017.06.21-07.14.31:219][528]LogTexture:Display: Building textures: ShadowMapTexture2D_37 (G8, 256X256) - 120 MB total VRAM
[2017.06.21-07.14.31:219][528]LogTexture:Display: Building textures: ShadowMapTexture2D_38 (G8, 256X256) - 120 MB total VRAM
[2017.06.21-07.14.31:219][528]LogTexture:Display: Building textures: ShadowMapTexture2D_39 (G8, 256X256) - 120 MB total VRAM
[2017.06.21-07.14.31:219][528]LogTexture:Display: Building textures: ShadowMapTexture2D_40 (G8, 256X256) - 120 MB total VRAM
[2017.06.21-07.14.31:219][528]LogTexture:Display: Building textures: ShadowMapTexture2D_41 (G8, 256X256) - 120 MB total VRAM
[2017.06.21-07.14.31:219][528]LogTexture:Display: Building textures: ShadowMapTexture2D_42 (G8, 256X256) - 120 MB total VRAM
[2017.06.21-07.14.31:220][528]LogTexture:Display: Building textures: ShadowMapTexture2D_43 (G8, 256X256) - 120 MB total VRAM
[2017.06.21-07.14.31:220][528]LogTexture:Display: Building textures: ShadowMapTexture2D_46 (G8, 256X256) - 120 MB total VRAM
[2017.06.21-07.14.31:221][528]LogTexture:Display: Building textures: ShadowMapTexture2D_44 (G8, 256X256) - 120 MB total VRAM
[2017.06.21-07.14.31:221][528]LogTexture:Display: Building textures: ShadowMapTexture2D_45 (G8, 256X256) - 120 MB total VRAM
[2017.06.21-07.14.31:228][528]LogTexture:Display: Building textures: ShadowMapTexture2D_47 (G8, 256X256) - 120 MB total VRAM
[2017.06.21-07.14.31:228][528]LogTexture:Display: Building textures: ShadowMapTexture2D_48 (G8, 256X256) - 120 MB total VRAM
[2017.06.21-07.14.31:228][528]LogTexture:Display: Building textures: ShadowMapTexture2D_49 (G8, 256X256) - 120 MB total VRAM
[2017.06.21-07.14.31:296][528]LogTexture:Display: Building textures: ShadowMapTexture2D_50 (G8, 256X256) - 120 MB total VRAM
[2017.06.21-07.14.31:296][528]LogTexture:Display: Building textures: ShadowMapTexture2D_51 (G8, 256X256) - 120 MB total VRAM
[2017.06.21-07.14.31:296][528]LogTexture:Display: Building textures: ShadowMapTexture2D_52 (G8, 256X256) - 120 MB total VRAM
[2017.06.21-07.14.31:296][528]LogTexture:Display: Building textures: ShadowMapTexture2D_53 (G8, 256X256) - 120 MB total VRAM
[2017.06.21-07.14.31:296][528]LogTexture:Display: Building textures: ShadowMapTexture2D_54 (G8, 256X256) - 120 MB total VRAM
[2017.06.21-07.14.31:296][528]LogTexture:Display: Building textures: ShadowMapTexture2D_55 (G8, 256X256) - 120 MB total VRAM
[2017.06.21-07.14.31:297][528]LogTexture:Display: Building textures: ShadowMapTexture2D_56 (G8, 256X256) - 120 MB total VRAM
[2017.06.21-07.14.31:297][528]LogTexture:Display: Building textures: ShadowMapTexture2D_57 (G8, 256X256) - 120 MB total VRAM
[2017.06.21-07.14.31:297][528]LogTexture:Display: Building textures: ShadowMapTexture2D_58 (G8, 256X256) - 120 MB total VRAM
[2017.06.21-07.14.31:298][528]LogTexture:Display: Building textures: ShadowMapTexture2D_59 (G8, 256X256) - 120 MB total VRAM
[2017.06.21-07.14.31:298][528]LogTexture:Display: Building textures: ShadowMapTexture2D_60 (G8, 256X256) - 120 MB total VRAM
[2017.06.21-07.14.31:299][528]LogTexture:Display: Building textures: ShadowMapTexture2D_61 (G8, 256X256) - 120 MB total VRAM
[2017.06.21-07.14.31:299][528]LogTexture:Display: Building textures: ShadowMapTexture2D_64 (G8, 32X32) - 120 MB total VRAM
[2017.06.21-07.14.31:299][528]LogTexture:Display: Building textures: ShadowMapTexture2D_62 (G8, 256X256) - 120 MB total VRAM
[2017.06.21-07.14.31:301][528]LogTexture:Display: Building textures: ShadowMapTexture2D_63 (G8, 256X256) - 120 MB total VRAM
[2017.06.21-07.14.31:354][528]Lightmass on YUVAL: 3:10 min total, 1.97 sec importing, 4.66 sec setup, 16.8 sec photons, 2:46 min processing, 0 ms extra exporting [66/66 mappings]. Threads: 11:06 min total, 7:57 min processing.
[2017.06.21-07.14.31:514][528]LogStaticLightingSystem: Illumination: 3:22 min (1.50 sec encoding lightmaps, 269 ms encoding shadowmaps)
[2017.06.21-07.14.31:514][528]LogStaticLightingSystem: Lightmap texture memory:  32.0 MB (32.0 MB streaming, 0.0 MB non-streaming), 130 textures
[2017.06.21-07.14.31:514][528]LogStaticLightingSystem: Shadowmap texture memory: 5.3 MB (5.3 MB streaming, 0.0 MB non-streaming), 65 textures
[2017.06.21-07.14.32:542][528]DumpUnbuiltLightIteractions
[2017.06.21-07.14.32:542][528]Lights with unbuilt interactions: 0
[2017.06.21-07.14.32:542][528]
[2017.06.21-07.14.32:542][528]Primitives with unbuilt interactions: 0
[2017.06.21-07.14.32:590][529]Cmd: MAP CHECK NOTIFYRESULTS
[2017.06.21-07.14.32:591][529]MapCheck: New page: Untitled_1 - Jun 21, 2017, 1:14:32 PM
[2017.06.21-07.14.35:147][529]MapCheck: Info Map check complete: 0 Error(s), 0 Warning(s), took 2,556.106ms to complete.
[2017.06.21-07.20.29:057][589]LogSavePackage: Save=323.56ms
[2017.06.21-07.20.29:058][589]LogSavePackage: Moving '../../../../Unreal Course/repositories/04Battle_Tank/Battle_Tank/Saved/Untitled_1_Auto2BC8E852742558D067B9798A7956ED05C.tmp' to '../../../../Unreal Course/repositories/04Battle_Tank/Battle_Tank/Saved/Autosaves/Temp/Untitled_1_Auto2.umap'
[2017.06.21-07.20.29:059][589]LogSavePackage:Display: Finished SavePackage ../../../../Unreal Course/repositories/04Battle_Tank/Battle_Tank/Saved/Autosaves/Temp/Untitled_1_Auto2.umap
[2017.06.21-07.20.29:060][589]LogFileHelpers: Editor autosave (incl. sublevels) for '/Temp/Untitled_1' took 0.367
[2017.06.21-07.20.29:061][589]LogFileHelpers: Editor autosave (incl. sublevels) for all levels took 0.367
[2017.06.21-07.22.51:089][ 16]LogWindowsTextInputMethodSystem:Display: IME system now deactivated.
[2017.06.21-07.22.51:090][ 16]LogWindowsTextInputMethodSystem:Display: IME system now deactivated.
[2017.06.21-07.23.05:778][746]LogVSAccessor:Warning: Couldn't access Visual Studio
[2017.06.21-07.23.05:923][746]Recompiling Battle_Tank...
[2017.06.21-07.23.05:943][746]Launching UnrealBuildTool... [D:/programming/UE_4.15/Engine/Binaries/DotNET/UnrealBuildTool.exe Battle_Tank -ModuleWithSuffix Battle_Tank 8127 Win64 Development -editorrecompile -canskiplink "D:/programming/Unreal Course/repositories/04Battle_Tank/Battle_Tank/Battle_Tank.uproject" ]
[2017.06.21-07.23.06:477][746]Warning: Starting HotReload took  0.8s.
[2017.06.21-07.23.16:512][906]CompilerResultsLog: New page: Compilation - Jun 21, 2017, 1:23:16 PM
[2017.06.21-07.23.16:540][906]CompilerResultsLog: Info Performing full C++ include scan (hot reloading a new target)
[2017.06.21-07.23.16:540][906]CompilerResultsLog: Info Compiling game modules for hot reload
[2017.06.21-07.23.16:540][906]CompilerResultsLog: Info Target is up to date
[2017.06.21-07.23.16:540][906]CompilerResultsLog: Info Total build time: 9.30 seconds (NoActionsToExecute executor: 0.00 seconds)
[2017.06.21-07.23.16:540][906]LogMainFrame: MainFrame: Module compiling took 10.761 seconds
[2017.06.21-07.23.16:687][906]LogContentBrowser: Native class hierarchy populated in 0.0908 seconds. Added 2248 classes and 459 folders.
[2017.06.21-07.23.17:049][906]Display: HotReload took 11.3s.
[2017.06.21-07.23.25:992][272]LogSlate: Took 0.037961 seconds to synchronously load lazily loaded font '../../../Engine/Content/Slate/Fonts/DroidSansFallback.ttf' (3848K)
[2017.06.21-07.23.26:035][272]LogSlate: Took 0.039460 seconds to synchronously load lazily loaded font '../../../Engine/Content/SlateDebug/Fonts/LastResort.ttf' (5269K)
[2017.06.21-07.23.33:324][272]LogWindowsTextInputMethodSystem:Display: IME system now deactivated.
[2017.06.21-07.23.33:325][272]LogWindowsTextInputMethodSystem:Display: IME system now deactivated.
[2017.06.21-07.23.44:329][272]LogAIModule: Creating AISystem for world BattleTank
[2017.06.21-07.23.44:543][272]Cmd: OBJ SAVEPACKAGE PACKAGE="/Game/BattleTank" FILE="../../../../Unreal Course/repositories/04Battle_Tank/Battle_Tank/Content/BattleTank.umap" SILENT=true AUTOSAVING=false KEEPDIRTY=false
[2017.06.21-07.23.44:806][272]LogSavePackage: Save=220.94ms
[2017.06.21-07.23.44:806][272]LogSavePackage: Moving '../../../../Unreal Course/repositories/04Battle_Tank/Battle_Tank/Saved/BattleTank38A332694364C46B461498B0BD7AD5A5.tmp' to '../../../../Unreal Course/repositories/04Battle_Tank/Battle_Tank/Content/BattleTank.umap'
[2017.06.21-07.23.44:807][272]LogSavePackage:Display: Finished SavePackage ../../../../Unreal Course/repositories/04Battle_Tank/Battle_Tank/Content/BattleTank.umap
[2017.06.21-07.23.44:811][272]LogFileHelpers: Saving map 'BattleTank' took 2.205
[2017.06.21-07.23.44:813][272]Cmd: OBJ SAVEPACKAGE PACKAGE="/Temp/Untitled_1_BuiltData" FILE="" SILENT=true
[2017.06.21-07.23.45:271][272]LogSavePackage: Save=457.62ms
[2017.06.21-07.23.45:271][272]LogSavePackage: Moving '../../../../Unreal Course/repositories/04Battle_Tank/Battle_Tank/Saved/F007E49A43F1BADD2E2A24883CA69795.tmp' to ''
[2017.06.21-07.23.45:271][272]LogFileManager:Warning: MoveFile was unable to move '../../../../Unreal Course/repositories/04Battle_Tank/Battle_Tank/Saved/F007E49A43F1BADD2E2A24883CA69795.tmp' to '', retrying in .5s...
[2017.06.21-07.23.45:772][272]LogFileManager:Warning: MoveFile was unable to move '../../../../Unreal Course/repositories/04Battle_Tank/Battle_Tank/Saved/F007E49A43F1BADD2E2A24883CA69795.tmp' to '', retrying in .5s...
[2017.06.21-07.23.46:275][272]LogFileManager:Warning: MoveFile was unable to move '../../../../Unreal Course/repositories/04Battle_Tank/Battle_Tank/Saved/F007E49A43F1BADD2E2A24883CA69795.tmp' to '', retrying in .5s...
[2017.06.21-07.23.46:776][272]LogFileManager:Warning: MoveFile was unable to move '../../../../Unreal Course/repositories/04Battle_Tank/Battle_Tank/Saved/F007E49A43F1BADD2E2A24883CA69795.tmp' to '', retrying in .5s...
[2017.06.21-07.23.47:278][272]LogFileManager:Warning: MoveFile was unable to move '../../../../Unreal Course/repositories/04Battle_Tank/Battle_Tank/Saved/F007E49A43F1BADD2E2A24883CA69795.tmp' to '', retrying in .5s...
[2017.06.21-07.23.47:780][272]LogFileManager:Warning: MoveFile was unable to move '../../../../Unreal Course/repositories/04Battle_Tank/Battle_Tank/Saved/F007E49A43F1BADD2E2A24883CA69795.tmp' to '', retrying in .5s...
[2017.06.21-07.23.48:282][272]LogFileManager:Warning: MoveFile was unable to move '../../../../Unreal Course/repositories/04Battle_Tank/Battle_Tank/Saved/F007E49A43F1BADD2E2A24883CA69795.tmp' to '', retrying in .5s...
[2017.06.21-07.23.48:783][272]LogFileManager:Warning: MoveFile was unable to move '../../../../Unreal Course/repositories/04Battle_Tank/Battle_Tank/Saved/F007E49A43F1BADD2E2A24883CA69795.tmp' to '', retrying in .5s...
[2017.06.21-07.23.49:284][272]LogFileManager:Warning: MoveFile was unable to move '../../../../Unreal Course/repositories/04Battle_Tank/Battle_Tank/Saved/F007E49A43F1BADD2E2A24883CA69795.tmp' to '', retrying in .5s...
[2017.06.21-07.23.49:784][272]LogFileManager:Warning: MoveFile was unable to move '../../../../Unreal Course/repositories/04Battle_Tank/Battle_Tank/Saved/F007E49A43F1BADD2E2A24883CA69795.tmp' to '', retrying in .5s...
[2017.06.21-07.23.50:285][272]LogFileManager:Error: Error moving file '../../../../Unreal Course/repositories/04Battle_Tank/Battle_Tank/Saved/F007E49A43F1BADD2E2A24883CA69795.tmp' to ''.
[2017.06.21-07.23.50:285][272]LogSavePackage:Error: Error saving ''
[2017.06.21-07.23.50:286][272]LogSavePackage:Display: Finished SavePackage 
[2017.06.21-07.23.59:470][272]Cmd: OBJ SAVEPACKAGE PACKAGE="/Temp/Untitled_1_BuiltData" FILE="" SILENT=true
[2017.06.21-07.23.59:926][272]LogSavePackage: Save=454.41ms
[2017.06.21-07.23.59:926][272]LogSavePackage: Moving '../../../../Unreal Course/repositories/04Battle_Tank/Battle_Tank/Saved/89159B184F2602040AAEE7934E0BA362.tmp' to ''
[2017.06.21-07.23.59:926][272]LogFileManager:Warning: MoveFile was unable to move '../../../../Unreal Course/repositories/04Battle_Tank/Battle_Tank/Saved/89159B184F2602040AAEE7934E0BA362.tmp' to '', retrying in .5s...
[2017.06.21-07.24.00:427][272]LogFileManager:Warning: MoveFile was unable to move '../../../../Unreal Course/repositories/04Battle_Tank/Battle_Tank/Saved/89159B184F2602040AAEE7934E0BA362.tmp' to '', retrying in .5s...
[2017.06.21-07.24.00:928][272]LogFileManager:Warning: MoveFile was unable to move '../../../../Unreal Course/repositories/04Battle_Tank/Battle_Tank/Saved/89159B184F2602040AAEE7934E0BA362.tmp' to '', retrying in .5s...
[2017.06.21-07.24.01:430][272]LogFileManager:Warning: MoveFile was unable to move '../../../../Unreal Course/repositories/04Battle_Tank/Battle_Tank/Saved/89159B184F2602040AAEE7934E0BA362.tmp' to '', retrying in .5s...
[2017.06.21-07.24.01:931][272]LogFileManager:Warning: MoveFile was unable to move '../../../../Unreal Course/repositories/04Battle_Tank/Battle_Tank/Saved/89159B184F2602040AAEE7934E0BA362.tmp' to '', retrying in .5s...
[2017.06.21-07.24.02:433][272]LogFileManager:Warning: MoveFile was unable to move '../../../../Unreal Course/repositories/04Battle_Tank/Battle_Tank/Saved/89159B184F2602040AAEE7934E0BA362.tmp' to '', retrying in .5s...
[2017.06.21-07.24.02:936][272]LogFileManager:Warning: MoveFile was unable to move '../../../../Unreal Course/repositories/04Battle_Tank/Battle_Tank/Saved/89159B184F2602040AAEE7934E0BA362.tmp' to '', retrying in .5s...
[2017.06.21-07.24.03:438][272]LogFileManager:Warning: MoveFile was unable to move '../../../../Unreal Course/repositories/04Battle_Tank/Battle_Tank/Saved/89159B184F2602040AAEE7934E0BA362.tmp' to '', retrying in .5s...
[2017.06.21-07.24.03:940][272]LogFileManager:Warning: MoveFile was unable to move '../../../../Unreal Course/repositories/04Battle_Tank/Battle_Tank/Saved/89159B184F2602040AAEE7934E0BA362.tmp' to '', retrying in .5s...
[2017.06.21-07.24.04:442][272]LogFileManager:Warning: MoveFile was unable to move '../../../../Unreal Course/repositories/04Battle_Tank/Battle_Tank/Saved/89159B184F2602040AAEE7934E0BA362.tmp' to '', retrying in .5s...
[2017.06.21-07.24.04:944][272]LogFileManager:Error: Error moving file '../../../../Unreal Course/repositories/04Battle_Tank/Battle_Tank/Saved/89159B184F2602040AAEE7934E0BA362.tmp' to ''.
[2017.06.21-07.24.04:945][272]LogSavePackage:Error: Error saving ''
[2017.06.21-07.24.04:949][272]LogSavePackage:Display: Finished SavePackage 
[2017.06.21-07.24.06:755][272]EditorErrors: New page: Save Output
[2017.06.21-07.24.06:755][272]EditorErrors:Warning: Warning Error saving ''
[2017.06.21-07.24.06:755][272]EditorErrors:Warning: Warning Error saving ''
[2017.06.21-07.24.10:579][450]Cmd: QUIT_EDITOR
[2017.06.21-07.24.11:356][450]LogWindowsTextInputMethodSystem:Display: IME system now deactivated.
[2017.06.21-07.24.11:516][450]LogExit: Preparing to exit.
[2017.06.21-07.24.13:433][450]LogDirectoryWatcher: A directory notification for 'D:/programming/Unreal Course/repositories/04Battle_Tank/Battle_Tank/Content/' was aborted.
[2017.06.21-07.24.14:016][450]LogExit: Editor shut down
[2017.06.21-07.24.14:017][450]LogExit: Transaction tracking system shut down
[2017.06.21-07.24.18:401][450]LogObj: Freed 0b from 0 cluster array pools.
[2017.06.21-07.24.18:403][450]LogExit: Object subsystem successfully closed.
[2017.06.21-07.24.18:766][450]LogD3D11RHI: Shutdown
[2017.06.21-07.24.18:774][450]LogD3D11RHI: CleanupD3DDevice
[2017.06.21-07.24.19:007][450]LogD3D11RHI: ~FD3D11DynamicRHI
[2017.06.21-07.24.21:321][450]LogModuleManager: Shutting down and abandoning module StaticMeshEditor (502)
[2017.06.21-07.24.21:321][450]LogModuleManager: Shutting down and abandoning module HierarchicalLODOutliner (500)
[2017.06.21-07.24.21:331][450]LogModuleManager: Shutting down and abandoning module CrashTracker (498)
[2017.06.21-07.24.21:345][450]LogModuleManager: Shutting down and abandoning module SceneOutliner (496)
[2017.06.21-07.24.21:345][450]LogModuleManager: Shutting down and abandoning module AddContentDialog (494)
[2017.06.21-07.24.21:441][450]LogDirectoryWatcher: A directory notification for 'D:/programming/UE_4.15/FeaturePacks/' was aborted.
[2017.06.21-07.24.21:463][450]LogModuleManager: Shutting down and abandoning module WidgetCarousel (493)
[2017.06.21-07.24.21:463][450]LogModuleManager: Shutting down and abandoning module EditorWidgets (490)
[2017.06.21-07.24.21:463][450]LogModuleManager: Shutting down and abandoning module CollectionManager (488)
[2017.06.21-07.24.21:501][450]LogDirectoryWatcher: A directory notification for 'D:/programming/Unreal Course/repositories/04Battle_Tank/Battle_Tank/Content/Collections/' was aborted.
[2017.06.21-07.24.21:501][450]LogDirectoryWatcher: A directory notification for 'D:/programming/Unreal Course/repositories/04Battle_Tank/Battle_Tank/Content/Developers/YuvalPC/Collections/' was aborted.
[2017.06.21-07.24.21:501][450]LogDirectoryWatcher: A directory notification for 'D:/programming/Unreal Course/repositories/04Battle_Tank/Battle_Tank/Saved/Collections/' was aborted.
[2017.06.21-07.24.21:501][450]LogModuleManager: Shutting down and abandoning module StatsViewer (486)
[2017.06.21-07.24.21:513][450]LogModuleManager: Shutting down and abandoning module FoliageEdit (484)
[2017.06.21-07.24.21:521][450]LogModuleManager: Shutting down and abandoning module LandscapeEditor (482)
[2017.06.21-07.24.21:543][450]LogModuleManager: Shutting down and abandoning module SceneDepthPickerMode (480)
[2017.06.21-07.24.21:543][450]LogModuleManager: Shutting down and abandoning module ActorPickerMode (478)
[2017.06.21-07.24.21:543][450]LogModuleManager: Shutting down and abandoning module GeometryMode (476)
[2017.06.21-07.24.21:543][450]LogModuleManager: Shutting down and abandoning module TextureAlignMode (474)
[2017.06.21-07.24.21:543][450]LogModuleManager: Shutting down and abandoning module BspMode (472)
[2017.06.21-07.24.21:568][450]LogModuleManager: Shutting down and abandoning module HardwareSurvey (470)
[2017.06.21-07.24.21:575][450]LogModuleManager: Shutting down and abandoning module SequenceRecorderSections (468)
[2017.06.21-07.24.21:575][450]LogModuleManager: Shutting down and abandoning module AutomationWorker (466)
[2017.06.21-07.24.21:603][450]LogModuleManager: Shutting down and abandoning module MatineeToLevelSequence (464)
[2017.06.21-07.24.21:627][450]LogModuleManager: Shutting down and abandoning module LevelSequenceEditor (462)
[2017.06.21-07.24.21:706][450]LogModuleManager: Shutting down and abandoning module PlacementMode (461)
[2017.06.21-07.24.21:706][450]LogModuleManager: Shutting down and abandoning module WmfMediaFactory (458)
[2017.06.21-07.24.21:706][450]LogModuleManager: Shutting down and abandoning module WmfMediaEditor (456)
[2017.06.21-07.24.21:706][450]LogModuleManager: Shutting down and abandoning module MfMediaFactory (454)
[2017.06.21-07.24.21:720][450]LogModuleManager: Shutting down and abandoning module MfMediaEditor (452)
[2017.06.21-07.24.21:720][450]LogModuleManager: Shutting down and abandoning module AvfMediaFactory (450)
[2017.06.21-07.24.21:720][450]LogModuleManager: Shutting down and abandoning module AvfMediaEditor (448)
[2017.06.21-07.24.21:720][450]LogModuleManager: Shutting down and abandoning module AndroidMediaFactory (446)
[2017.06.21-07.24.21:726][450]LogModuleManager: Shutting down and abandoning module Media (445)
[2017.06.21-07.24.21:726][450]LogModuleManager: Shutting down and abandoning module AndroidMediaEditor (442)
[2017.06.21-07.24.21:726][450]LogModuleManager: Shutting down and abandoning module CharacterAI (440)
[2017.06.21-07.24.21:726][450]LogModuleManager: Shutting down and abandoning module AudioCapture (438)
[2017.06.21-07.24.21:741][450]LogModuleManager: Shutting down and abandoning module SequenceRecorder (437)
[2017.06.21-07.24.21:835][450]LogModuleManager: Shutting down and abandoning module SmartSnapping (434)
[2017.06.21-07.24.21:835][450]LogModuleManager: Shutting down and abandoning module SessionServices (432)
[2017.06.21-07.24.21:835][450]LogModuleManager: Shutting down and abandoning module ViewportSnapping (430)
[2017.06.21-07.24.21:835][450]LogModuleManager: Shutting down and abandoning module ViewportInteraction (428)
[2017.06.21-07.24.21:835][450]LogModuleManager: Shutting down and abandoning module LogVisualizer (426)
[2017.06.21-07.24.21:872][450]LogModuleManager: Shutting down and abandoning module IntroTutorials (424)
[2017.06.21-07.24.21:921][450]LogModuleManager: Shutting down and abandoning module GameProjectGeneration (423)
[2017.06.21-07.24.21:954][450]LogModuleManager: Shutting down and abandoning module EditorLiveStreaming (420)
[2017.06.21-07.24.21:968][450]LogModuleManager: Shutting down and abandoning module IOSPlatformEditor (418)
[2017.06.21-07.24.21:980][450]LogModuleManager: Shutting down and abandoning module HTML5PlatformEditor (416)
[2017.06.21-07.24.21:980][450]LogModuleManager: Shutting down and abandoning module AndroidPlatformEditor (414)
[2017.06.21-07.24.21:999][450]LogModuleManager: Shutting down and abandoning module AndroidDeviceDetection (413)
[2017.06.21-07.24.22:968][450]LogModuleManager: Shutting down and abandoning module IOSRuntimeSettings (410)
[2017.06.21-07.24.22:968][450]LogModuleManager: Shutting down and abandoning module AndroidRuntimeSettings (408)
[2017.06.21-07.24.22:968][450]LogModuleManager: Shutting down and abandoning module InputBindingEditor (406)
[2017.06.21-07.24.23:004][450]LogModuleManager: Shutting down and abandoning module NiagaraEditor (404)
[2017.06.21-07.24.23:033][450]LogModuleManager: Shutting down and abandoning module MergeActors (402)
[2017.06.21-07.24.23:050][450]LogModuleManager: Shutting down and abandoning module SizeMap (400)
[2017.06.21-07.24.23:067][450]LogModuleManager: Shutting down and abandoning module TreeMap (398)
[2017.06.21-07.24.23:112][450]LogModuleManager: Shutting down and abandoning module ReferenceViewer (396)
[2017.06.21-07.24.23:119][450]LogModuleManager: Shutting down and abandoning module LocalizationDashboard (394)
[2017.06.21-07.24.23:145][450]LogModuleManager: Shutting down and abandoning module LocalizationService (393)
[2017.06.21-07.24.23:177][450]LogModuleManager: Shutting down and abandoning module HardwareTargeting (390)
[2017.06.21-07.24.23:177][450]LogModuleManager: Shutting down and abandoning module DeviceProfileEditor (388)
[2017.06.21-07.24.23:178][450]LogModuleManager: Shutting down and abandoning module UndoHistory (386)
[2017.06.21-07.24.23:208][450]LogModuleManager: Shutting down and abandoning module UserFeedback (384)
[2017.06.21-07.24.23:208][450]LogModuleManager: Shutting down and abandoning module XmlParser (382)
[2017.06.21-07.24.23:212][450]LogModuleManager: Shutting down and abandoning module Blutility (380)
[2017.06.21-07.24.23:212][450]LogModuleManager: Shutting down and abandoning module ProjectSettingsViewer (378)
[2017.06.21-07.24.23:224][450]LogModuleManager: Shutting down and abandoning module ProjectTargetPlatformEditor (377)
[2017.06.21-07.24.23:245][450]LogModuleManager: Shutting down and abandoning module EditorSettingsViewer (374)
[2017.06.21-07.24.23:258][450]LogModuleManager: Shutting down and abandoning module SettingsEditor (372)
[2017.06.21-07.24.23:287][450]LogModuleManager: Shutting down and abandoning module ProjectLauncher (370)
[2017.06.21-07.24.23:303][450]LogModuleManager: Shutting down and abandoning module SessionFrontend (368)
[2017.06.21-07.24.23:330][450]LogModuleManager: Shutting down and abandoning module ProfilerClient (366)
[2017.06.21-07.24.23:366][450]LogModuleManager: Shutting down and abandoning module DeviceManager (364)
[2017.06.21-07.24.23:377][450]LogModuleManager: Shutting down and abandoning module TargetDeviceServices (363)
[2017.06.21-07.24.23:430][450]LogModuleManager: Shutting down and abandoning module AutomationController (360)
[2017.06.21-07.24.23:468][450]LogModuleManager: Shutting down and abandoning module AutomationWindow (358)
[2017.06.21-07.24.23:490][450]LogModuleManager: Shutting down and abandoning module Layers (356)
[2017.06.21-07.24.23:516][450]LogModuleManager: Shutting down and abandoning module ComponentVisualizers (354)
[2017.06.21-07.24.23:516][450]LogModuleManager: Shutting down and abandoning module DetailCustomizations (352)
[2017.06.21-07.24.23:536][450]LogModuleManager: Shutting down and abandoning module PackagesDialog (350)
[2017.06.21-07.24.23:537][450]LogModuleManager: Shutting down and abandoning module Persona (348)
[2017.06.21-07.24.23:558][450]LogModuleManager: Shutting down and abandoning module AnimGraph (347)
[2017.06.21-07.24.23:558][450]LogModuleManager: Shutting down and abandoning module Kismet (344)
[2017.06.21-07.24.23:606][450]LogModuleManager: Shutting down and abandoning module GraphEditor (342)
[2017.06.21-07.24.23:650][450]LogModuleManager: Shutting down and abandoning module ClassViewer (340)
[2017.06.21-07.24.23:670][450]LogModuleManager: Shutting down and abandoning module Toolbox (338)
[2017.06.21-07.24.23:702][450]LogModuleManager: Shutting down and abandoning module ModuleUI (336)
[2017.06.21-07.24.23:733][450]LogModuleManager: Shutting down and abandoning module MovieSceneTools (334)
[2017.06.21-07.24.23:792][450]LogModuleManager: Shutting down and abandoning module OutputLog (332)
[2017.06.21-07.24.23:792][450]LogModuleManager: Shutting down and abandoning module GammaUI (330)
[2017.06.21-07.24.23:808][450]LogModuleManager: Shutting down and abandoning module Documentation (328)
[2017.06.21-07.24.23:808][450]LogModuleManager: Shutting down and abandoning module Niagara (326)
[2017.06.21-07.24.23:808][450]LogModuleManager: Shutting down and abandoning module StreamingPauseRendering (324)
[2017.06.21-07.24.23:818][450]LogModuleManager: Shutting down and abandoning module AnalyticsET (322)
[2017.06.21-07.24.23:818][450]LogModuleManager: Shutting down and abandoning module PortalServices (320)
[2017.06.21-07.24.23:818][450]LogModuleManager: Shutting down and abandoning module PortalRpc (318)
[2017.06.21-07.24.23:818][450]LogModuleManager: Shutting down and abandoning module MessagingRpc (316)
[2017.06.21-07.24.23:818][450]LogModuleManager: Shutting down and abandoning module AIModule (314)
[2017.06.21-07.24.23:829][450]LogModuleManager: Shutting down and abandoning module GameplayDebugger (313)
[2017.06.21-07.24.23:840][450]LogModuleManager: Shutting down and abandoning module AITestSuite (311)
[2017.06.21-07.24.23:850][450]LogModuleManager: Shutting down and abandoning module ProfilerService (308)
[2017.06.21-07.24.24:003][450]LogModuleManager: Shutting down and abandoning module TaskGraph (306)
[2017.06.21-07.24.24:022][450]LogModuleManager: Shutting down and abandoning module SteamVRController (304)
[2017.06.21-07.24.24:022][450]LogModuleManager: Shutting down and abandoning module SteamVR (302)
[2017.06.21-07.24.24:022][450]LogModuleManager: Shutting down and abandoning module ProceduralMeshComponentEditor (300)
[2017.06.21-07.24.24:022][450]LogModuleManager: Shutting down and abandoning module ProceduralMeshComponent (298)
[2017.06.21-07.24.24:032][450]LogModuleManager: Shutting down and abandoning module OculusLibrary (296)
[2017.06.21-07.24.24:032][450]LogModuleManager: Shutting down and abandoning module OculusInput (294)
[2017.06.21-07.24.24:032][450]LogModuleManager: Shutting down and abandoning module MobilePatchingUtils (292)
[2017.06.21-07.24.24:046][450]LogModuleManager: Shutting down and abandoning module CustomMeshComponent (290)
[2017.06.21-07.24.24:046][450]LogModuleManager: Shutting down and abandoning module CableComponent (288)
[2017.06.21-07.24.24:056][450]LogModuleManager: Shutting down and abandoning module ArchVisCharacter (286)
[2017.06.21-07.24.24:056][450]LogModuleManager: Shutting down and abandoning module MediaPlayerEditor (282)
[2017.06.21-07.24.24:070][450]LogModuleManager: Shutting down and abandoning module HTML5Networking (280)
[2017.06.21-07.24.24:080][450]LogModuleManager: Shutting down and abandoning module AlembicImporter (278)
[2017.06.21-07.24.24:090][450]LogModuleManager: Shutting down and abandoning module AlembicLibrary (277)
[2017.06.21-07.24.24:122][450]LogModuleManager: Shutting down and abandoning module GeometryCache (276)
[2017.06.21-07.24.24:122][450]LogModuleManager: Shutting down and abandoning module GeometryCacheEd (275)
[2017.06.21-07.24.24:122][450]LogModuleManager: Shutting down and abandoning module SuperSearchEditor (270)
[2017.06.21-07.24.24:122][450]LogModuleManager: Shutting down and abandoning module SuperSearch (269)
[2017.06.21-07.24.24:122][450]LogModuleManager: Shutting down and abandoning module SpeedTreeImporter (266)
[2017.06.21-07.24.24:122][450]LogModuleManager: Shutting down and abandoning module PluginBrowser (264)
[2017.06.21-07.24.24:138][450]LogModuleManager: Shutting down and abandoning module MobileLauncherProfileWizard (262)
[2017.06.21-07.24.24:164][450]LogModuleManager: Shutting down and abandoning module EpicSurvey (260)
[2017.06.21-07.24.24:189][450]LogModuleManager: Shutting down and abandoning module VisualStudioSourceCodeAccess (258)
[2017.06.21-07.24.24:189][450]LogModuleManager: Shutting down and abandoning module DesktopPlatform (257)
[2017.06.21-07.24.24:200][450]LogModuleManager: Shutting down and abandoning module UObjectPlugin (254)
[2017.06.21-07.24.24:200][450]LogModuleManager: Shutting down and abandoning module SubversionSourceControl (252)
[2017.06.21-07.24.24:222][450]LogModuleManager: Shutting down and abandoning module PerforceSourceControl (250)
[2017.06.21-07.24.24:243][450]LogModuleManager: Shutting down and abandoning module GitSourceControl (248)
[2017.06.21-07.24.24:266][450]LogModuleManager: Shutting down and abandoning module SourceControl (247)
[2017.06.21-07.24.24:287][450]LogModuleManager: Shutting down and abandoning module LightPropagationVolumeEditor (244)
[2017.06.21-07.24.24:296][450]LogModuleManager: Shutting down and abandoning module PaperTiledImporter (242)
[2017.06.21-07.24.24:296][450]LogModuleManager: Shutting down and abandoning module PaperSpriteSheetImporter (240)
[2017.06.21-07.24.24:297][450]LogModuleManager: Shutting down and abandoning module Paper2DEditor (238)
[2017.06.21-07.24.24:317][450]LogModuleManager: Shutting down and abandoning module MeshPaint (237)
[2017.06.21-07.24.24:317][450]LogModuleManager: Shutting down and abandoning module LevelEditor (235)
[2017.06.21-07.24.24:371][450]LogModuleManager: Shutting down and abandoning module PixelInspectorModule (234)
[2017.06.21-07.24.24:388][450]LogModuleManager: Shutting down and abandoning module MainFrame (232)
[2017.06.21-07.24.24:388][450]LogModuleManager: Shutting down and abandoning module HotReload (231)
[2017.06.21-07.24.24:388][450]LogDirectoryWatcher: A directory notification for 'D:/programming/Unreal Course/repositories/04Battle_Tank/Battle_Tank/Binaries/Win64' was aborted.
[2017.06.21-07.24.24:399][450]LogModuleManager: Shutting down and abandoning module ContentBrowser (227)
[2017.06.21-07.24.24:400][450]LogModuleManager: Shutting down and abandoning module Battle_Tank (224)
[2017.06.21-07.24.24:400][450]LogModuleManager: Shutting down and abandoning module PhysXVehiclesEditor (222)
[2017.06.21-07.24.24:410][450]LogModuleManager: Shutting down and abandoning module PhysXVehicles (220)
[2017.06.21-07.24.24:410][450]LogModuleManager: Shutting down and abandoning module LocationServicesBPLibrary (218)
[2017.06.21-07.24.24:410][450]LogModuleManager: Shutting down and abandoning module UdpMessaging (216)
[2017.06.21-07.24.24:512][450]LogModuleManager: Shutting down and abandoning module TcpMessaging (214)
[2017.06.21-07.24.24:612][450]LogModuleManager: Shutting down and abandoning module GameplayTagsEditor (212)
[2017.06.21-07.24.24:633][450]LogModuleManager: Shutting down and abandoning module FacialAnimationEditor (210)
[2017.06.21-07.24.24:656][450]LogModuleManager: Shutting down and abandoning module FacialAnimation (208)
[2017.06.21-07.24.24:656][450]LogModuleManager: Shutting down and abandoning module LightPropagationVolumeRuntime (206)
[2017.06.21-07.24.24:656][450]LogModuleManager: Shutting down and abandoning module Paper2D (204)
[2017.06.21-07.24.24:671][450]LogModuleManager: Shutting down and abandoning module WindowsMoviePlayer (202)
[2017.06.21-07.24.24:689][450]LogModuleManager: Shutting down and abandoning module WmfMedia (200)
[2017.06.21-07.24.24:715][450]LogModuleManager: Shutting down and abandoning module MfMedia (198)
[2017.06.21-07.24.24:715][450]LogModuleManager: Shutting down and abandoning module MediaAssets (196)
[2017.06.21-07.24.24:715][450]LogModuleManager: Shutting down and abandoning module GameLiveStreaming (194)
[2017.06.21-07.24.24:735][450]LogModuleManager: Shutting down and abandoning module VREditor (192)
[2017.06.21-07.24.24:749][450]LogModuleManager: Shutting down and abandoning module GameplayTasksEditor (190)
[2017.06.21-07.24.24:749][450]LogModuleManager: Shutting down and abandoning module BehaviorTreeEditor (188)
[2017.06.21-07.24.24:772][450]LogModuleManager: Shutting down and abandoning module FunctionalTesting (186)
[2017.06.21-07.24.24:772][450]LogModuleManager: Shutting down and abandoning module CollisionAnalyzer (184)
[2017.06.21-07.24.24:795][450]LogModuleManager: Shutting down and abandoning module UMG (182)
[2017.06.21-07.24.24:804][450]LogModuleManager: Shutting down and abandoning module UMGEditor (181)
[2017.06.21-07.24.24:823][450]LogModuleManager: Shutting down and abandoning module Sequencer (180)
[2017.06.21-07.24.24:850][450]LogModuleManager: Shutting down and abandoning module AssetTools (178)
[2017.06.21-07.24.24:879][450]LogModuleManager: Shutting down and abandoning module MessageLog (177)
[2017.06.21-07.24.24:879][450]LogModuleManager: Shutting down and abandoning module WorkspaceMenuStructure (176)
[2017.06.21-07.24.24:921][450]LogModuleManager: Shutting down and abandoning module SlateReflector (170)
[2017.06.21-07.24.24:956][450]LogModuleManager: Shutting down and abandoning module Slate (168)
[2017.06.21-07.24.24:956][450]LogModuleManager: Shutting down and abandoning module EditorStyle (166)
[2017.06.21-07.24.24:998][450]LogModuleManager: Shutting down and abandoning module SourceCodeAccess (164)
[2017.06.21-07.24.25:026][450]LogModuleManager: Shutting down and abandoning module HeadMountedDisplay (162)
[2017.06.21-07.24.25:026][450]LogModuleManager: Shutting down and abandoning module XAudio2 (160)
[2017.06.21-07.24.25:026][450]LogModuleManager: Shutting down and abandoning module Networking (158)
[2017.06.21-07.24.25:026][450]LogModuleManager: Shutting down and abandoning module Core (154)
[2017.06.21-07.24.25:026][450]LogModuleManager: Shutting down and abandoning module AssetRegistry (152)
[2017.06.21-07.24.25:183][450]LogDirectoryWatcher: A directory notification for '../../../Engine/Content/' was aborted.
[2017.06.21-07.24.25:183][450]LogDirectoryWatcher: A directory notification for '../../../../Unreal Course/repositories/04Battle_Tank/Battle_Tank/Content/' was aborted.
[2017.06.21-07.24.25:183][450]LogDirectoryWatcher: A directory notification for '../../../Engine/Plugins/2D/Paper2D/Content/' was aborted.
[2017.06.21-07.24.25:184][450]LogModuleManager: Shutting down and abandoning module DirectoryWatcher (151)
[2017.06.21-07.24.25:188][450]LogModuleManager: Shutting down and abandoning module KismetCompiler (148)
[2017.06.21-07.24.25:188][450]LogModuleManager: Shutting down and abandoning module PhysXFormats (146)
[2017.06.21-07.24.25:201][450]LogModuleManager: Shutting down and abandoning module MeshUtilities (144)
[2017.06.21-07.24.25:229][450]LogModuleManager: Shutting down and abandoning module SimplygonSwarm (143)
[2017.06.21-07.24.25:257][450]LogModuleManager: Shutting down and abandoning module SimplygonMeshReduction (141)
[2017.06.21-07.24.25:266][450]LogModuleManager: Shutting down and abandoning module QuadricMeshReduction (139)
[2017.06.21-07.24.25:281][450]LogModuleManager: Shutting down and abandoning module PropertyEditor (137)
[2017.06.21-07.24.25:291][450]LogModuleManager: Shutting down and abandoning module DerivedDataCache (134)
[2017.06.21-07.24.25:344][450]LogDerivedDataCache: Shutdown
[2017.06.21-07.24.25:344][450]LogModuleManager: Shutting down and abandoning module TargetPlatform (132)
[2017.06.21-07.24.25:355][450]LogModuleManager: Shutting down and abandoning module VulkanShaderFormat (131)
[2017.06.21-07.24.25:386][450]LogModuleManager: Shutting down and abandoning module ShaderFormatOpenGL (129)
[2017.06.21-07.24.25:415][450]LogModuleManager: Shutting down and abandoning module ShaderFormatD3D (127)
[2017.06.21-07.24.25:431][450]LogModuleManager: Shutting down and abandoning module MetalShaderFormat (125)
[2017.06.21-07.24.25:456][450]LogModuleManager: Shutting down and abandoning module TextureFormatUncompressed (123)
[2017.06.21-07.24.25:456][450]LogModuleManager: Shutting down and abandoning module TextureFormatPVR (121)
[2017.06.21-07.24.25:457][450]LogModuleManager: Shutting down and abandoning module TextureFormatDXT (119)
[2017.06.21-07.24.25:457][450]LogModuleManager: Shutting down and abandoning module TextureFormatIntelISPCTexComp (117)
[2017.06.21-07.24.25:537][450]LogModuleManager: Shutting down and abandoning module TextureFormatASTC (115)
[2017.06.21-07.24.25:537][450]LogModuleManager: Shutting down and abandoning module ImageWrapper (114)
[2017.06.21-07.24.25:537][450]LogModuleManager: Shutting down and abandoning module TextureFormatAndroid (111)
[2017.06.21-07.24.25:544][450]LogModuleManager: Shutting down and abandoning module AudioFormatOpus (109)
[2017.06.21-07.24.25:560][450]LogModuleManager: Shutting down and abandoning module AudioFormatOgg (107)
[2017.06.21-07.24.25:560][450]LogModuleManager: Shutting down and abandoning module AudioFormatADPCM (105)
[2017.06.21-07.24.25:560][450]LogModuleManager: Shutting down and abandoning module LinuxTargetPlatform (103)
[2017.06.21-07.24.25:576][450]LogModuleManager: Shutting down and abandoning module LinuxServerTargetPlatform (101)
[2017.06.21-07.24.25:576][450]LogModuleManager: Shutting down and abandoning module LinuxNoEditorTargetPlatform (99)
[2017.06.21-07.24.25:576][450]LogModuleManager: Shutting down and abandoning module LinuxClientTargetPlatform (97)
[2017.06.21-07.24.25:576][450]LogModuleManager: Shutting down and abandoning module TVOSTargetPlatform (95)
[2017.06.21-07.24.25:576][450]LogModuleManager: Shutting down and abandoning module Messaging (93)
[2017.06.21-07.24.25:576][450]LogModuleManager: Shutting down and abandoning module IOSTargetPlatform (91)
[2017.06.21-07.24.25:576][450]LogModuleManager: Shutting down and abandoning module HTML5TargetPlatform (89)
[2017.06.21-07.24.25:610][450]LogModuleManager: Shutting down and abandoning module Android_PVRTCTargetPlatform (87)
[2017.06.21-07.24.25:610][450]LogModuleManager: Shutting down and abandoning module Android_MultiTargetPlatform (85)
[2017.06.21-07.24.25:610][450]LogModuleManager: Shutting down and abandoning module Android_ETC2TargetPlatform (83)
[2017.06.21-07.24.25:610][450]LogModuleManager: Shutting down and abandoning module Android_ETC1TargetPlatform (81)
[2017.06.21-07.24.25:610][450]LogModuleManager: Shutting down and abandoning module Android_DXTTargetPlatform (79)
[2017.06.21-07.24.25:610][450]LogModuleManager: Shutting down and abandoning module Android_ATCTargetPlatform (77)
[2017.06.21-07.24.25:610][450]LogModuleManager: Shutting down and abandoning module Android_ASTCTargetPlatform (75)
[2017.06.21-07.24.25:625][450]LogModuleManager: Shutting down and abandoning module AndroidTargetPlatform (73)
[2017.06.21-07.24.25:635][450]LogModuleManager: Shutting down and abandoning module WindowsTargetPlatform (71)
[2017.06.21-07.24.25:636][450]LogModuleManager: Shutting down and abandoning module WindowsServerTargetPlatform (69)
[2017.06.21-07.24.25:649][450]LogModuleManager: Shutting down and abandoning module WindowsNoEditorTargetPlatform (67)
[2017.06.21-07.24.25:661][450]LogModuleManager: Shutting down and abandoning module WindowsClientTargetPlatform (65)
[2017.06.21-07.24.25:668][450]LogModuleManager: Shutting down and abandoning module MacTargetPlatform (63)
[2017.06.21-07.24.25:668][450]LogModuleManager: Shutting down and abandoning module MacServerTargetPlatform (61)
[2017.06.21-07.24.25:680][450]LogModuleManager: Shutting down and abandoning module MacNoEditorTargetPlatform (59)
[2017.06.21-07.24.25:693][450]LogModuleManager: Shutting down and abandoning module MacClientTargetPlatform (57)
[2017.06.21-07.24.25:709][450]LogModuleManager: Shutting down and abandoning module AllDesktopTargetPlatform (55)
[2017.06.21-07.24.25:709][450]LogModuleManager: Shutting down and abandoning module InputCore (52)
[2017.06.21-07.24.25:724][450]LogModuleManager: Shutting down and abandoning module Settings (50)
[2017.06.21-07.24.25:724][450]LogModuleManager: Shutting down and abandoning module OculusRift (48)
[2017.06.21-07.24.25:744][450]LogModuleManager: Shutting down and abandoning module GearVR (46)
[2017.06.21-07.24.25:745][450]LogModuleManager: Shutting down and abandoning module ExampleDeviceProfileSelector (44)
[2017.06.21-07.24.25:745][450]LogModuleManager: Shutting down and abandoning module OnlineBlueprintSupport (42)
[2017.06.21-07.24.25:745][450]LogModuleManager: Shutting down and abandoning module OnlineSubsystem (38)
[2017.06.21-07.24.25:745][450]LogOnline:Display: Unloading online subsystem: NULL
[2017.06.21-07.24.25:790][450]LogModuleManager: Shutting down and abandoning module XMPP (37)
[2017.06.21-07.24.25:815][450]LogModuleManager: Shutting down and abandoning module HTTP (35)
[2017.06.21-07.24.25:826][450]LogHttp:Display: Http module shutting down, but needs to wait on 1 outstanding Http requests:
[2017.06.21-07.24.25:826][450]LogHttp:Display: 	verb=[POST] url=[https://datarouter.ol.epicgames.com/datarouter/api/v1/public/data?SessionID=%7BB1B88BD4-45AE-11EE-854F-4198961A9728%7D&AppID=UEEditor.Rocket.Release&AppVersion=4.15.3-3450819%2B%2B%2BUE4%2BRelease-4.15&UserID=b612aa15414bbecd84a84893e78e55b8%7C188f3bfd6267469896127d33a4492ba9%7C35d808f9-a118-45af-8343-5efe0e7b17e3&AppEnvironment=datacollector-binary&UploadType=eteventstream] status=Processing
[2017.06.21-07.24.25:837][450]LogModuleManager: Shutting down and abandoning module SSL (34)
[2017.06.21-07.24.25:854][450]LogModuleManager: Shutting down and abandoning module AudioEditor (30)
[2017.06.21-07.24.25:862][450]LogModuleManager: Shutting down and abandoning module TextureCompressor (28)
[2017.06.21-07.24.25:862][450]LogModuleManager: Shutting down and abandoning module ShaderCore (26)
[2017.06.21-07.24.25:862][450]LogModuleManager: Shutting down and abandoning module Landscape (24)
[2017.06.21-07.24.25:862][450]LogModuleManager: Shutting down and abandoning module SlateRHIRenderer (22)
[2017.06.21-07.24.25:868][450]LogModuleManager: Shutting down and abandoning module OpenGLDrv (20)
[2017.06.21-07.24.25:897][450]LogModuleManager: Shutting down and abandoning module D3D11RHI (18)
[2017.06.21-07.24.25:897][450]LogModuleManager: Shutting down and abandoning module AnimGraphRuntime (16)
[2017.06.21-07.24.25:912][450]LogModuleManager: Shutting down and abandoning module Renderer (14)
[2017.06.21-07.24.25:912][450]LogModuleManager: Shutting down and abandoning module Engine (12)
[2017.06.21-07.24.25:912][450]LogModuleManager: Shutting down and abandoning module CoreUObject (10)
[2017.06.21-07.24.25:912][450]LogModuleManager: Shutting down and abandoning module NetworkFile (8)
[2017.06.21-07.24.25:935][450]LogModuleManager: Shutting down and abandoning module StreamingFile (6)
[2017.06.21-07.24.25:951][450]LogModuleManager: Shutting down and abandoning module SandboxFile (4)
[2017.06.21-07.24.25:967][450]LogModuleManager: Shutting down and abandoning module PakFile (2)
[2017.06.21-07.24.26:028][450]LogExit: Exiting.
[2017.06.21-07.24.26:037][450]Log file closed, 06/21/17 10:24:26
